2023-06-01 21:42:39,418 INFO [long-pulling] client count 0

2023-06-01 21:42:49,426 INFO [long-pulling] client count 0

2023-06-01 21:42:49,558 INFO toNotifyTaskSize = 0

2023-06-01 21:42:49,558 INFO groupCount = 1, subscriberClientCount = 0, subscriberCount = 0

2023-06-01 21:42:49,559 INFO toClientNotifyTaskSize = 0

2023-06-01 21:42:59,427 INFO [long-pulling] client count 0

2023-06-01 21:42:59,559 INFO toNotifyTaskSize = 0

2023-06-01 21:42:59,559 INFO groupCount = 1, subscriberClientCount = 0, subscriberCount = 0

2023-06-01 21:42:59,559 INFO toClientNotifyTaskSize = 0

2023-06-01 21:43:09,428 INFO [long-pulling] client count 0

2023-06-01 21:43:09,560 INFO toNotifyTaskSize = 0

2023-06-01 21:43:09,560 INFO groupCount = 1, subscriberClientCount = 0, subscriberCount = 0

2023-06-01 21:43:09,560 INFO toClientNotifyTaskSize = 0

2023-06-01 21:43:19,429 INFO [long-pulling] client count 2

2023-06-01 21:43:19,560 INFO groupCount = 1, subscriberClientCount = 0, subscriberCount = 0

2023-06-01 21:43:19,560 INFO toNotifyTaskSize = 0

2023-06-01 21:43:19,560 INFO toClientNotifyTaskSize = 0

2023-06-01 21:43:29,431 INFO [long-pulling] client count 2

2023-06-01 21:43:29,562 INFO toNotifyTaskSize = 0

2023-06-01 21:43:29,562 INFO groupCount = 1, subscriberClientCount = 0, subscriberCount = 0

2023-06-01 21:43:29,562 INFO toClientNotifyTaskSize = 0

2023-06-01 21:43:39,432 INFO [long-pulling] client count 2

2023-06-01 21:43:39,562 INFO groupCount = 1, subscriberClientCount = 0, subscriberCount = 0

2023-06-01 21:43:39,562 INFO toNotifyTaskSize = 0

2023-06-01 21:43:39,562 INFO toClientNotifyTaskSize = 0

2023-06-01 21:43:49,433 INFO [long-pulling] client count 2

2023-06-01 21:43:49,564 INFO groupCount = 1, subscriberClientCount = 0, subscriberCount = 0

2023-06-01 21:43:49,564 INFO toNotifyTaskSize = 0

2023-06-01 21:43:49,564 INFO toClientNotifyTaskSize = 0

2023-06-01 21:43:59,434 INFO [long-pulling] client count 2

2023-06-01 21:43:59,565 INFO toNotifyTaskSize = 0

2023-06-01 21:43:59,565 INFO groupCount = 1, subscriberClientCount = 0, subscriberCount = 0

2023-06-01 21:43:59,565 INFO toClientNotifyTaskSize = 0

2023-06-01 21:44:09,436 INFO [long-pulling] client count 2

2023-06-01 21:44:09,566 INFO toNotifyTaskSize = 0

2023-06-01 21:44:09,566 INFO groupCount = 1, subscriberClientCount = 0, subscriberCount = 0

2023-06-01 21:44:09,566 INFO toClientNotifyTaskSize = 0

2023-06-01 21:44:19,437 INFO [long-pulling] client count 2

2023-06-01 21:44:19,566 INFO groupCount = 1, subscriberClientCount = 0, subscriberCount = 0

2023-06-01 21:44:19,566 INFO toNotifyTaskSize = 0

2023-06-01 21:44:19,566 INFO toClientNotifyTaskSize = 0

2023-06-01 21:44:29,438 INFO [long-pulling] client count 2

2023-06-01 21:44:29,567 INFO toNotifyTaskSize = 0

2023-06-01 21:44:29,567 INFO groupCount = 1, subscriberClientCount = 0, subscriberCount = 0

2023-06-01 21:44:29,567 INFO toClientNotifyTaskSize = 0

2023-06-01 21:44:39,440 INFO [long-pulling] client count 2

2023-06-01 21:44:39,568 INFO groupCount = 1, subscriberClientCount = 0, subscriberCount = 0

2023-06-01 21:44:39,568 INFO toNotifyTaskSize = 0

2023-06-01 21:44:39,568 INFO toClientNotifyTaskSize = 0

2023-06-01 21:44:49,440 INFO [long-pulling] client count 2

2023-06-01 21:44:49,568 INFO toNotifyTaskSize = 0

2023-06-01 21:44:49,568 INFO groupCount = 1, subscriberClientCount = 0, subscriberCount = 0

2023-06-01 21:44:49,568 INFO toClientNotifyTaskSize = 0

2023-06-01 21:44:59,442 INFO [long-pulling] client count 2

2023-06-01 21:44:59,569 INFO groupCount = 1, subscriberClientCount = 0, subscriberCount = 0

2023-06-01 21:44:59,569 INFO toNotifyTaskSize = 0

2023-06-01 21:44:59,569 INFO toClientNotifyTaskSize = 0

2023-06-01 21:45:09,442 INFO [long-pulling] client count 2

2023-06-01 21:45:09,570 INFO toNotifyTaskSize = 0

2023-06-01 21:45:09,570 INFO groupCount = 1, subscriberClientCount = 0, subscriberCount = 0

2023-06-01 21:45:09,570 INFO toClientNotifyTaskSize = 0

2023-06-01 21:45:19,444 INFO [long-pulling] client count 2

2023-06-01 21:45:19,572 INFO toNotifyTaskSize = 0

2023-06-01 21:45:19,572 INFO groupCount = 1, subscriberClientCount = 0, subscriberCount = 0

2023-06-01 21:45:19,572 INFO toClientNotifyTaskSize = 0

2023-06-01 21:45:29,445 INFO [long-pulling] client count 2

2023-06-01 21:45:29,572 INFO toNotifyTaskSize = 0

2023-06-01 21:45:29,572 INFO groupCount = 1, subscriberClientCount = 0, subscriberCount = 0

2023-06-01 21:45:29,572 INFO toClientNotifyTaskSize = 0

2023-06-01 21:45:39,445 INFO [long-pulling] client count 2

2023-06-01 21:45:39,575 INFO groupCount = 1, subscriberClientCount = 0, subscriberCount = 0

2023-06-01 21:45:39,575 INFO toNotifyTaskSize = 0

2023-06-01 21:45:39,575 INFO toClientNotifyTaskSize = 0

2023-06-01 21:45:49,446 INFO [long-pulling] client count 2

2023-06-01 21:45:49,576 INFO toNotifyTaskSize = 0

2023-06-01 21:45:49,576 INFO groupCount = 1, subscriberClientCount = 0, subscriberCount = 0

2023-06-01 21:45:49,576 INFO toClientNotifyTaskSize = 0

2023-06-01 21:45:59,448 INFO [long-pulling] client count 2

2023-06-01 21:45:59,577 INFO toNotifyTaskSize = 0

2023-06-01 21:45:59,577 INFO groupCount = 1, subscriberClientCount = 0, subscriberCount = 0

2023-06-01 21:45:59,577 INFO toClientNotifyTaskSize = 0

2023-06-01 21:46:09,449 INFO [long-pulling] client count 2

2023-06-01 21:46:09,579 INFO toNotifyTaskSize = 0

2023-06-01 21:46:09,579 INFO groupCount = 1, subscriberClientCount = 0, subscriberCount = 0

2023-06-01 21:46:09,579 INFO toClientNotifyTaskSize = 0

2023-06-01 21:46:19,450 INFO [long-pulling] client count 2

2023-06-01 21:46:19,580 INFO toNotifyTaskSize = 0

2023-06-01 21:46:19,580 INFO groupCount = 1, subscriberClientCount = 0, subscriberCount = 0

2023-06-01 21:46:19,580 INFO toClientNotifyTaskSize = 0

2023-06-01 21:46:29,452 INFO [long-pulling] client count 2

2023-06-01 21:46:29,581 INFO groupCount = 1, subscriberClientCount = 0, subscriberCount = 0

2023-06-01 21:46:29,581 INFO toNotifyTaskSize = 0

2023-06-01 21:46:29,581 INFO toClientNotifyTaskSize = 0

2023-06-01 21:46:39,453 INFO [long-pulling] client count 2

2023-06-01 21:46:39,582 INFO toNotifyTaskSize = 0

2023-06-01 21:46:39,582 INFO groupCount = 1, subscriberClientCount = 0, subscriberCount = 0

2023-06-01 21:46:39,582 INFO toClientNotifyTaskSize = 0

2023-06-01 21:46:49,454 INFO [long-pulling] client count 2

2023-06-01 21:46:49,582 INFO groupCount = 1, subscriberClientCount = 0, subscriberCount = 0

2023-06-01 21:46:49,582 INFO toNotifyTaskSize = 0

2023-06-01 21:46:49,582 INFO toClientNotifyTaskSize = 0

2023-06-01 21:46:59,456 INFO [long-pulling] client count 2

2023-06-01 21:46:59,583 INFO toNotifyTaskSize = 0

2023-06-01 21:46:59,583 INFO groupCount = 1, subscriberClientCount = 0, subscriberCount = 0

2023-06-01 21:46:59,583 INFO toClientNotifyTaskSize = 0

2023-06-01 21:47:09,457 INFO [long-pulling] client count 2

2023-06-01 21:47:09,583 INFO toNotifyTaskSize = 0

2023-06-01 21:47:09,583 INFO groupCount = 1, subscriberClientCount = 0, subscriberCount = 0

2023-06-01 21:47:09,583 INFO toClientNotifyTaskSize = 0

2023-06-01 21:47:19,458 INFO [long-pulling] client count 2

2023-06-01 21:47:19,584 INFO groupCount = 1, subscriberClientCount = 0, subscriberCount = 0

2023-06-01 21:47:19,584 INFO toNotifyTaskSize = 0

2023-06-01 21:47:19,584 INFO toClientNotifyTaskSize = 0

2023-06-01 21:47:29,458 INFO [long-pulling] client count 2

2023-06-01 21:47:29,585 INFO toNotifyTaskSize = 0

2023-06-01 21:47:29,585 INFO groupCount = 1, subscriberClientCount = 0, subscriberCount = 0

2023-06-01 21:47:29,585 INFO toClientNotifyTaskSize = 0

2023-06-01 21:47:39,459 INFO [long-pulling] client count 2

2023-06-01 21:47:39,587 INFO groupCount = 1, subscriberClientCount = 0, subscriberCount = 0

2023-06-01 21:47:39,587 INFO toNotifyTaskSize = 0

2023-06-01 21:47:39,587 INFO toClientNotifyTaskSize = 0

2023-06-01 21:47:49,459 INFO [long-pulling] client count 2

2023-06-01 21:47:49,587 INFO toNotifyTaskSize = 0

2023-06-01 21:47:49,587 INFO groupCount = 1, subscriberClientCount = 0, subscriberCount = 0

2023-06-01 21:47:49,587 INFO toClientNotifyTaskSize = 0

2023-06-01 21:47:59,459 INFO [long-pulling] client count 2

2023-06-01 21:47:59,588 INFO toNotifyTaskSize = 0

2023-06-01 21:47:59,588 INFO groupCount = 1, subscriberClientCount = 0, subscriberCount = 0

2023-06-01 21:47:59,588 INFO toClientNotifyTaskSize = 0

2023-06-01 21:48:09,461 INFO [long-pulling] client count 2

2023-06-01 21:48:09,588 INFO groupCount = 1, subscriberClientCount = 0, subscriberCount = 0

2023-06-01 21:48:09,588 INFO toNotifyTaskSize = 0

2023-06-01 21:48:09,588 INFO toClientNotifyTaskSize = 0

2023-06-01 21:48:19,462 INFO [long-pulling] client count 2

2023-06-01 21:48:19,589 INFO toNotifyTaskSize = 0

2023-06-01 21:48:19,589 INFO groupCount = 1, subscriberClientCount = 0, subscriberCount = 0

2023-06-01 21:48:19,589 INFO toClientNotifyTaskSize = 0

2023-06-01 21:48:29,464 INFO [long-pulling] client count 2

2023-06-01 21:48:29,589 INFO toNotifyTaskSize = 0

2023-06-01 21:48:29,589 INFO groupCount = 1, subscriberClientCount = 0, subscriberCount = 0

2023-06-01 21:48:29,589 INFO toClientNotifyTaskSize = 0

2023-06-01 21:48:39,465 INFO [long-pulling] client count 2

2023-06-01 21:48:39,590 INFO toNotifyTaskSize = 0

2023-06-01 21:48:39,590 INFO groupCount = 1, subscriberClientCount = 0, subscriberCount = 0

2023-06-01 21:48:39,590 INFO toClientNotifyTaskSize = 0

2023-06-01 21:48:49,467 INFO [long-pulling] client count 2

2023-06-01 21:48:49,592 INFO toNotifyTaskSize = 0

2023-06-01 21:48:49,592 INFO groupCount = 1, subscriberClientCount = 0, subscriberCount = 0

2023-06-01 21:48:49,592 INFO toClientNotifyTaskSize = 0

2023-06-01 21:48:59,467 INFO [long-pulling] client count 2

2023-06-01 21:48:59,592 INFO toNotifyTaskSize = 0

2023-06-01 21:48:59,592 INFO groupCount = 1, subscriberClientCount = 0, subscriberCount = 0

2023-06-01 21:48:59,592 INFO toClientNotifyTaskSize = 0

2023-06-01 21:49:09,468 INFO [long-pulling] client count 2

2023-06-01 21:49:09,593 INFO groupCount = 1, subscriberClientCount = 0, subscriberCount = 0

2023-06-01 21:49:09,593 INFO toNotifyTaskSize = 0

2023-06-01 21:49:09,593 INFO toClientNotifyTaskSize = 0

2023-06-01 21:49:19,468 INFO [long-pulling] client count 2

2023-06-01 21:49:19,594 INFO toNotifyTaskSize = 0

2023-06-01 21:49:19,594 INFO groupCount = 1, subscriberClientCount = 0, subscriberCount = 0

2023-06-01 21:49:19,594 INFO toClientNotifyTaskSize = 0

2023-06-01 21:49:29,470 INFO [long-pulling] client count 2

2023-06-01 21:49:29,595 INFO groupCount = 1, subscriberClientCount = 0, subscriberCount = 0

2023-06-01 21:49:29,595 INFO toNotifyTaskSize = 0

2023-06-01 21:49:29,595 INFO toClientNotifyTaskSize = 0

2023-06-01 21:49:39,472 INFO [long-pulling] client count 2

2023-06-01 21:49:39,596 INFO groupCount = 1, subscriberClientCount = 0, subscriberCount = 0

2023-06-01 21:49:39,596 INFO toNotifyTaskSize = 0

2023-06-01 21:49:39,596 INFO toClientNotifyTaskSize = 0

2023-06-01 21:49:49,473 INFO [long-pulling] client count 2

2023-06-01 21:49:49,596 INFO toNotifyTaskSize = 0

2023-06-01 21:49:49,596 INFO groupCount = 1, subscriberClientCount = 0, subscriberCount = 0

2023-06-01 21:49:49,596 INFO toClientNotifyTaskSize = 0

2023-06-01 21:49:59,474 INFO [long-pulling] client count 2

2023-06-01 21:49:59,597 INFO toNotifyTaskSize = 0

2023-06-01 21:49:59,597 INFO groupCount = 1, subscriberClientCount = 0, subscriberCount = 0

2023-06-01 21:49:59,597 INFO toClientNotifyTaskSize = 0

2023-06-01 21:50:09,475 INFO [long-pulling] client count 2

2023-06-01 21:50:09,597 INFO toNotifyTaskSize = 0

2023-06-01 21:50:09,597 INFO groupCount = 1, subscriberClientCount = 0, subscriberCount = 0

2023-06-01 21:50:09,597 INFO toClientNotifyTaskSize = 0

2023-06-01 21:50:19,475 INFO [long-pulling] client count 2

2023-06-01 21:50:19,598 INFO toNotifyTaskSize = 0

2023-06-01 21:50:19,598 INFO groupCount = 1, subscriberClientCount = 0, subscriberCount = 0

2023-06-01 21:50:19,598 INFO toClientNotifyTaskSize = 0

2023-06-01 21:50:29,475 INFO [long-pulling] client count 2

2023-06-01 21:50:29,600 INFO toNotifyTaskSize = 0

2023-06-01 21:50:29,600 INFO groupCount = 1, subscriberClientCount = 0, subscriberCount = 0

2023-06-01 21:50:29,600 INFO toClientNotifyTaskSize = 0

2023-06-01 21:50:39,477 INFO [long-pulling] client count 2

2023-06-01 21:50:39,600 INFO groupCount = 1, subscriberClientCount = 0, subscriberCount = 0

2023-06-01 21:50:39,600 INFO toNotifyTaskSize = 0

2023-06-01 21:50:39,600 INFO toClientNotifyTaskSize = 0

2023-06-01 21:50:49,477 INFO [long-pulling] client count 2

2023-06-01 21:50:49,600 INFO toNotifyTaskSize = 0

2023-06-01 21:50:49,600 INFO groupCount = 1, subscriberClientCount = 0, subscriberCount = 0

2023-06-01 21:50:49,600 INFO toClientNotifyTaskSize = 0

2023-06-01 21:50:59,478 INFO [long-pulling] client count 2

2023-06-01 21:50:59,601 INFO toNotifyTaskSize = 0

2023-06-01 21:50:59,601 INFO groupCount = 1, subscriberClientCount = 0, subscriberCount = 0

2023-06-01 21:50:59,601 INFO toClientNotifyTaskSize = 0

2023-06-01 21:51:09,480 INFO [long-pulling] client count 2

2023-06-01 21:51:09,602 INFO toNotifyTaskSize = 0

2023-06-01 21:51:09,602 INFO groupCount = 1, subscriberClientCount = 0, subscriberCount = 0

2023-06-01 21:51:09,602 INFO toClientNotifyTaskSize = 0

2023-06-01 21:51:19,482 INFO [long-pulling] client count 2

2023-06-01 21:51:19,603 INFO toNotifyTaskSize = 0

2023-06-01 21:51:19,603 INFO groupCount = 1, subscriberClientCount = 0, subscriberCount = 0

2023-06-01 21:51:19,603 INFO toClientNotifyTaskSize = 0

2023-06-01 21:51:29,483 INFO [long-pulling] client count 2

2023-06-01 21:51:29,603 INFO groupCount = 1, subscriberClientCount = 0, subscriberCount = 0

2023-06-01 21:51:29,603 INFO toNotifyTaskSize = 0

2023-06-01 21:51:29,603 INFO toClientNotifyTaskSize = 0

2023-06-01 21:51:39,485 INFO [long-pulling] client count 2

2023-06-01 21:51:39,604 INFO groupCount = 1, subscriberClientCount = 0, subscriberCount = 0

2023-06-01 21:51:39,604 INFO toNotifyTaskSize = 0

2023-06-01 21:51:39,604 INFO toClientNotifyTaskSize = 0

2023-06-01 21:51:49,485 INFO [long-pulling] client count 2

2023-06-01 21:51:49,604 INFO groupCount = 1, subscriberClientCount = 0, subscriberCount = 0

2023-06-01 21:51:49,604 INFO toNotifyTaskSize = 0

2023-06-01 21:51:49,604 INFO toClientNotifyTaskSize = 0

2023-06-01 21:51:59,486 INFO [long-pulling] client count 2

2023-06-01 21:51:59,605 INFO toNotifyTaskSize = 0

2023-06-01 21:51:59,605 INFO groupCount = 1, subscriberClientCount = 0, subscriberCount = 0

2023-06-01 21:51:59,605 INFO toClientNotifyTaskSize = 0

2023-06-01 21:52:09,487 INFO [long-pulling] client count 0

2023-06-01 21:52:09,606 INFO toNotifyTaskSize = 0

2023-06-01 21:52:09,606 INFO groupCount = 1, subscriberClientCount = 0, subscriberCount = 0

2023-06-01 21:52:09,606 INFO toClientNotifyTaskSize = 0

2023-06-01 21:52:19,488 INFO [long-pulling] client count 0

2023-06-01 21:52:19,607 INFO toNotifyTaskSize = 0

2023-06-01 21:52:19,607 INFO toClientNotifyTaskSize = 0

2023-06-01 21:52:19,607 INFO groupCount = 1, subscriberClientCount = 0, subscriberCount = 0

2023-06-01 21:52:29,490 INFO [long-pulling] client count 0

2023-06-01 21:52:29,608 INFO toNotifyTaskSize = 0

2023-06-01 21:52:29,608 INFO groupCount = 1, subscriberClientCount = 0, subscriberCount = 0

2023-06-01 21:52:29,608 INFO toClientNotifyTaskSize = 0

2023-06-01 21:52:39,492 INFO [long-pulling] client count 2

2023-06-01 21:52:39,610 INFO groupCount = 1, subscriberClientCount = 0, subscriberCount = 0

2023-06-01 21:52:39,610 INFO toNotifyTaskSize = 0

2023-06-01 21:52:39,610 INFO toClientNotifyTaskSize = 0

2023-06-01 21:52:49,494 INFO [long-pulling] client count 2

2023-06-01 21:52:49,611 INFO groupCount = 1, subscriberClientCount = 0, subscriberCount = 0

2023-06-01 21:52:49,611 INFO toNotifyTaskSize = 0

2023-06-01 21:52:49,611 INFO toClientNotifyTaskSize = 0

2023-06-01 21:52:59,495 INFO [long-pulling] client count 2

2023-06-01 21:52:59,612 INFO groupCount = 1, subscriberClientCount = 0, subscriberCount = 0

2023-06-01 21:52:59,612 INFO toNotifyTaskSize = 0

2023-06-01 21:52:59,612 INFO toClientNotifyTaskSize = 0

2023-06-01 21:53:09,496 INFO [long-pulling] client count 2

2023-06-01 21:53:09,613 INFO toNotifyTaskSize = 0

2023-06-01 21:53:09,613 INFO groupCount = 1, subscriberClientCount = 0, subscriberCount = 0

2023-06-01 21:53:09,613 INFO toClientNotifyTaskSize = 0

2023-06-01 21:53:19,498 INFO [long-pulling] client count 2

2023-06-01 21:53:19,613 INFO toNotifyTaskSize = 0

2023-06-01 21:53:19,613 INFO toClientNotifyTaskSize = 0

2023-06-01 21:53:19,613 INFO groupCount = 1, subscriberClientCount = 0, subscriberCount = 0

2023-06-01 21:53:29,499 INFO [long-pulling] client count 2

2023-06-01 21:53:29,615 INFO toNotifyTaskSize = 0

2023-06-01 21:53:29,615 INFO groupCount = 1, subscriberClientCount = 0, subscriberCount = 0

2023-06-01 21:53:29,615 INFO toClientNotifyTaskSize = 0

2023-06-01 21:53:39,499 INFO [long-pulling] client count 2

2023-06-01 21:53:39,616 INFO groupCount = 1, subscriberClientCount = 0, subscriberCount = 0

2023-06-01 21:53:39,616 INFO toNotifyTaskSize = 0

2023-06-01 21:53:39,616 INFO toClientNotifyTaskSize = 0

2023-06-01 21:53:49,500 INFO [long-pulling] client count 2

2023-06-01 21:53:49,617 INFO toNotifyTaskSize = 0

2023-06-01 21:53:49,617 INFO groupCount = 1, subscriberClientCount = 0, subscriberCount = 0

2023-06-01 21:53:49,617 INFO toClientNotifyTaskSize = 0

2023-06-01 21:53:59,501 INFO [long-pulling] client count 2

2023-06-01 21:53:59,618 INFO groupCount = 1, subscriberClientCount = 0, subscriberCount = 0

2023-06-01 21:53:59,618 INFO toNotifyTaskSize = 0

2023-06-01 21:53:59,618 INFO toClientNotifyTaskSize = 0

2023-06-01 21:54:09,502 INFO [long-pulling] client count 2

2023-06-01 21:54:09,618 INFO toNotifyTaskSize = 0

2023-06-01 21:54:09,618 INFO groupCount = 1, subscriberClientCount = 0, subscriberCount = 0

2023-06-01 21:54:09,618 INFO toClientNotifyTaskSize = 0

2023-06-01 21:54:19,503 INFO [long-pulling] client count 2

2023-06-01 21:54:19,619 INFO groupCount = 1, subscriberClientCount = 0, subscriberCount = 0

2023-06-01 21:54:19,619 INFO toNotifyTaskSize = 0

2023-06-01 21:54:19,619 INFO toClientNotifyTaskSize = 0

2023-06-01 21:54:29,504 INFO [long-pulling] client count 2

2023-06-01 21:54:29,620 INFO groupCount = 1, subscriberClientCount = 0, subscriberCount = 0

2023-06-01 21:54:29,620 INFO toNotifyTaskSize = 0

2023-06-01 21:54:29,620 INFO toClientNotifyTaskSize = 0

2023-06-01 21:54:39,504 INFO [long-pulling] client count 2

2023-06-01 21:54:39,621 INFO toNotifyTaskSize = 0

2023-06-01 21:54:39,621 INFO groupCount = 1, subscriberClientCount = 0, subscriberCount = 0

2023-06-01 21:54:39,621 INFO toClientNotifyTaskSize = 0

2023-06-01 21:54:49,505 INFO [long-pulling] client count 2

2023-06-01 21:54:49,621 INFO groupCount = 1, subscriberClientCount = 0, subscriberCount = 0

2023-06-01 21:54:49,621 INFO toNotifyTaskSize = 0

2023-06-01 21:54:49,621 INFO toClientNotifyTaskSize = 0

2023-06-01 21:54:59,506 INFO [long-pulling] client count 2

2023-06-01 21:54:59,622 INFO groupCount = 1, subscriberClientCount = 0, subscriberCount = 0

2023-06-01 21:54:59,622 INFO toNotifyTaskSize = 0

2023-06-01 21:54:59,622 INFO toClientNotifyTaskSize = 0

2023-06-01 21:55:09,506 INFO [long-pulling] client count 2

2023-06-01 21:55:09,623 INFO groupCount = 1, subscriberClientCount = 0, subscriberCount = 0

2023-06-01 21:55:09,623 INFO toNotifyTaskSize = 0

2023-06-01 21:55:09,623 INFO toClientNotifyTaskSize = 0

2023-06-01 21:55:19,508 INFO [long-pulling] client count 2

2023-06-01 21:55:19,623 INFO groupCount = 1, subscriberClientCount = 0, subscriberCount = 0

2023-06-01 21:55:19,623 INFO toNotifyTaskSize = 0

2023-06-01 21:55:19,623 INFO toClientNotifyTaskSize = 0

2023-06-01 21:55:29,510 INFO [long-pulling] client count 2

2023-06-01 21:55:29,624 INFO toNotifyTaskSize = 0

2023-06-01 21:55:29,624 INFO groupCount = 1, subscriberClientCount = 0, subscriberCount = 0

2023-06-01 21:55:29,624 INFO toClientNotifyTaskSize = 0

2023-06-01 21:55:39,512 INFO [long-pulling] client count 2

2023-06-01 21:55:39,625 INFO toNotifyTaskSize = 0

2023-06-01 21:55:39,625 INFO groupCount = 1, subscriberClientCount = 0, subscriberCount = 0

2023-06-01 21:55:39,625 INFO toClientNotifyTaskSize = 0

2023-06-01 21:55:49,513 INFO [long-pulling] client count 2

2023-06-01 21:55:49,626 INFO groupCount = 1, subscriberClientCount = 0, subscriberCount = 0

2023-06-01 21:55:49,626 INFO toNotifyTaskSize = 0

2023-06-01 21:55:49,626 INFO toClientNotifyTaskSize = 0

2023-06-01 21:55:59,515 INFO [long-pulling] client count 2

2023-06-01 21:55:59,626 INFO groupCount = 1, subscriberClientCount = 0, subscriberCount = 0

2023-06-01 21:55:59,626 INFO toNotifyTaskSize = 0

2023-06-01 21:55:59,626 INFO toClientNotifyTaskSize = 0

2023-06-01 21:56:09,515 INFO [long-pulling] client count 2

2023-06-01 21:56:09,627 INFO groupCount = 1, subscriberClientCount = 0, subscriberCount = 0

2023-06-01 21:56:09,627 INFO toNotifyTaskSize = 0

2023-06-01 21:56:09,627 INFO toClientNotifyTaskSize = 0

2023-06-01 21:56:19,515 INFO [long-pulling] client count 2

2023-06-01 21:56:19,628 INFO groupCount = 1, subscriberClientCount = 0, subscriberCount = 0

2023-06-01 21:56:19,628 INFO toNotifyTaskSize = 0

2023-06-01 21:56:19,628 INFO toClientNotifyTaskSize = 0

2023-06-01 21:56:29,516 INFO [long-pulling] client count 2

2023-06-01 21:56:29,629 INFO toNotifyTaskSize = 0

2023-06-01 21:56:29,629 INFO groupCount = 1, subscriberClientCount = 0, subscriberCount = 0

2023-06-01 21:56:29,629 INFO toClientNotifyTaskSize = 0

2023-06-01 21:56:39,516 INFO [long-pulling] client count 2

2023-06-01 21:56:39,630 INFO groupCount = 1, subscriberClientCount = 0, subscriberCount = 0

2023-06-01 21:56:39,630 INFO toNotifyTaskSize = 0

2023-06-01 21:56:39,630 INFO toClientNotifyTaskSize = 0

2023-06-01 21:56:49,518 INFO [long-pulling] client count 2

2023-06-01 21:56:49,630 INFO toNotifyTaskSize = 0

2023-06-01 21:56:49,630 INFO toClientNotifyTaskSize = 0

2023-06-01 21:56:49,630 INFO groupCount = 1, subscriberClientCount = 0, subscriberCount = 0

2023-06-01 21:56:59,520 INFO [long-pulling] client count 2

2023-06-01 21:56:59,631 INFO groupCount = 1, subscriberClientCount = 0, subscriberCount = 0

2023-06-01 21:56:59,631 INFO toNotifyTaskSize = 0

2023-06-01 21:56:59,631 INFO toClientNotifyTaskSize = 0

2023-06-01 21:57:09,520 INFO [long-pulling] client count 2

2023-06-01 21:57:09,632 INFO toNotifyTaskSize = 0

2023-06-01 21:57:09,632 INFO groupCount = 1, subscriberClientCount = 0, subscriberCount = 0

2023-06-01 21:57:09,632 INFO toClientNotifyTaskSize = 0

2023-06-01 21:57:19,522 INFO [long-pulling] client count 2

2023-06-01 21:57:19,633 INFO toNotifyTaskSize = 0

2023-06-01 21:57:19,633 INFO groupCount = 1, subscriberClientCount = 0, subscriberCount = 0

2023-06-01 21:57:19,633 INFO toClientNotifyTaskSize = 0

2023-06-01 21:57:29,524 INFO [long-pulling] client count 2

2023-06-01 21:57:29,633 INFO groupCount = 1, subscriberClientCount = 0, subscriberCount = 0

2023-06-01 21:57:29,633 INFO toNotifyTaskSize = 0

2023-06-01 21:57:29,633 INFO toClientNotifyTaskSize = 0

2023-06-01 21:57:39,524 INFO [long-pulling] client count 2

2023-06-01 21:57:39,635 INFO toNotifyTaskSize = 0

2023-06-01 21:57:39,635 INFO groupCount = 1, subscriberClientCount = 0, subscriberCount = 0

2023-06-01 21:57:39,635 INFO toClientNotifyTaskSize = 0

2023-06-01 21:57:49,525 INFO [long-pulling] client count 2

2023-06-01 21:57:49,636 INFO groupCount = 1, subscriberClientCount = 0, subscriberCount = 0

2023-06-01 21:57:49,636 INFO toNotifyTaskSize = 0

2023-06-01 21:57:49,636 INFO toClientNotifyTaskSize = 0

2023-06-01 21:57:59,526 INFO [long-pulling] client count 2

2023-06-01 21:57:59,637 INFO toNotifyTaskSize = 0

2023-06-01 21:57:59,637 INFO groupCount = 1, subscriberClientCount = 0, subscriberCount = 0

2023-06-01 21:57:59,637 INFO toClientNotifyTaskSize = 0

2023-06-01 21:58:09,528 INFO [long-pulling] client count 2

2023-06-01 21:58:09,638 INFO toNotifyTaskSize = 0

2023-06-01 21:58:09,638 INFO groupCount = 1, subscriberClientCount = 0, subscriberCount = 0

2023-06-01 21:58:09,638 INFO toClientNotifyTaskSize = 0

2023-06-01 21:58:19,529 INFO [long-pulling] client count 2

2023-06-01 21:58:19,638 INFO groupCount = 1, subscriberClientCount = 0, subscriberCount = 0

2023-06-01 21:58:19,638 INFO toNotifyTaskSize = 0

2023-06-01 21:58:19,638 INFO toClientNotifyTaskSize = 0

2023-06-01 21:58:29,530 INFO [long-pulling] client count 2

2023-06-01 21:58:29,640 INFO groupCount = 1, subscriberClientCount = 0, subscriberCount = 0

2023-06-01 21:58:29,640 INFO toNotifyTaskSize = 0

2023-06-01 21:58:29,640 INFO toClientNotifyTaskSize = 0

2023-06-01 21:58:39,531 INFO [long-pulling] client count 2

2023-06-01 21:58:39,641 INFO toNotifyTaskSize = 0

2023-06-01 21:58:39,641 INFO groupCount = 1, subscriberClientCount = 0, subscriberCount = 0

2023-06-01 21:58:39,641 INFO toClientNotifyTaskSize = 0

2023-06-01 21:58:49,532 INFO [long-pulling] client count 2

2023-06-01 21:58:49,641 INFO toNotifyTaskSize = 0

2023-06-01 21:58:49,641 INFO groupCount = 1, subscriberClientCount = 0, subscriberCount = 0

2023-06-01 21:58:49,641 INFO toClientNotifyTaskSize = 0

2023-06-01 21:58:59,534 INFO [long-pulling] client count 2

2023-06-01 21:58:59,642 INFO toNotifyTaskSize = 0

2023-06-01 21:58:59,642 INFO groupCount = 1, subscriberClientCount = 0, subscriberCount = 0

2023-06-01 21:58:59,642 INFO toClientNotifyTaskSize = 0

2023-06-01 21:59:09,536 INFO [long-pulling] client count 2

2023-06-01 21:59:09,643 INFO toNotifyTaskSize = 0

2023-06-01 21:59:09,643 INFO groupCount = 1, subscriberClientCount = 0, subscriberCount = 0

2023-06-01 21:59:09,643 INFO toClientNotifyTaskSize = 0

2023-06-01 21:59:19,536 INFO [long-pulling] client count 2

2023-06-01 21:59:19,644 INFO groupCount = 1, subscriberClientCount = 0, subscriberCount = 0

2023-06-01 21:59:19,644 INFO toNotifyTaskSize = 0

2023-06-01 21:59:19,644 INFO toClientNotifyTaskSize = 0

2023-06-01 21:59:29,538 INFO [long-pulling] client count 2

2023-06-01 21:59:29,646 INFO groupCount = 1, subscriberClientCount = 0, subscriberCount = 0

2023-06-01 21:59:29,646 INFO toNotifyTaskSize = 0

2023-06-01 21:59:29,646 INFO toClientNotifyTaskSize = 0

2023-06-01 21:59:39,540 INFO [long-pulling] client count 2

2023-06-01 21:59:39,646 INFO groupCount = 1, subscriberClientCount = 0, subscriberCount = 0

2023-06-01 21:59:39,646 INFO toNotifyTaskSize = 0

2023-06-01 21:59:39,646 INFO toClientNotifyTaskSize = 0

2023-06-01 21:59:49,542 INFO [long-pulling] client count 2

2023-06-01 21:59:49,647 INFO toNotifyTaskSize = 0

2023-06-01 21:59:49,647 INFO groupCount = 1, subscriberClientCount = 0, subscriberCount = 0

2023-06-01 21:59:49,647 INFO toClientNotifyTaskSize = 0

2023-06-01 21:59:59,543 INFO [long-pulling] client count 2

2023-06-01 21:59:59,647 INFO groupCount = 1, subscriberClientCount = 0, subscriberCount = 0

2023-06-01 21:59:59,649 INFO toNotifyTaskSize = 0

2023-06-01 21:59:59,649 INFO toClientNotifyTaskSize = 0

2023-06-01 22:00:09,543 INFO [long-pulling] client count 2

2023-06-01 22:00:09,648 INFO groupCount = 1, subscriberClientCount = 0, subscriberCount = 0

2023-06-01 22:00:09,650 INFO toNotifyTaskSize = 0

2023-06-01 22:00:09,650 INFO toClientNotifyTaskSize = 0

2023-06-01 22:00:19,544 INFO [long-pulling] client count 2

2023-06-01 22:00:19,648 INFO groupCount = 1, subscriberClientCount = 0, subscriberCount = 0

2023-06-01 22:00:19,650 INFO toNotifyTaskSize = 0

2023-06-01 22:00:19,650 INFO toClientNotifyTaskSize = 0

2023-06-01 22:00:29,546 INFO [long-pulling] client count 2

2023-06-01 22:00:29,649 INFO groupCount = 1, subscriberClientCount = 0, subscriberCount = 0

2023-06-01 22:00:29,651 INFO toNotifyTaskSize = 0

2023-06-01 22:00:29,651 INFO toClientNotifyTaskSize = 0

2023-06-01 22:00:39,546 INFO [long-pulling] client count 2

2023-06-01 22:00:39,649 INFO groupCount = 1, subscriberClientCount = 0, subscriberCount = 0

2023-06-01 22:00:39,651 INFO toNotifyTaskSize = 0

2023-06-01 22:00:39,651 INFO toClientNotifyTaskSize = 0

2023-06-01 22:00:49,547 INFO [long-pulling] client count 2

2023-06-01 22:00:49,650 INFO groupCount = 1, subscriberClientCount = 0, subscriberCount = 0

2023-06-01 22:00:49,653 INFO toNotifyTaskSize = 0

2023-06-01 22:00:49,653 INFO toClientNotifyTaskSize = 0

2023-06-01 22:00:59,548 INFO [long-pulling] client count 2

2023-06-01 22:00:59,652 INFO groupCount = 1, subscriberClientCount = 0, subscriberCount = 0

2023-06-01 22:00:59,653 INFO toNotifyTaskSize = 0

2023-06-01 22:00:59,653 INFO toClientNotifyTaskSize = 0

2023-06-01 22:01:09,550 INFO [long-pulling] client count 2

2023-06-01 22:01:09,654 INFO toNotifyTaskSize = 0

2023-06-01 22:01:09,654 INFO toClientNotifyTaskSize = 0

2023-06-01 22:01:09,654 INFO groupCount = 1, subscriberClientCount = 0, subscriberCount = 0

2023-06-01 22:01:19,551 INFO [long-pulling] client count 2

2023-06-01 22:01:19,654 INFO groupCount = 1, subscriberClientCount = 0, subscriberCount = 0

2023-06-01 22:01:19,654 INFO toNotifyTaskSize = 0

2023-06-01 22:01:19,654 INFO toClientNotifyTaskSize = 0

2023-06-01 22:01:29,551 INFO [long-pulling] client count 2

2023-06-01 22:01:29,655 INFO toNotifyTaskSize = 0

2023-06-01 22:01:29,655 INFO groupCount = 1, subscriberClientCount = 0, subscriberCount = 0

2023-06-01 22:01:29,655 INFO toClientNotifyTaskSize = 0

2023-06-01 22:01:39,552 INFO [long-pulling] client count 2

2023-06-01 22:01:39,656 INFO groupCount = 1, subscriberClientCount = 0, subscriberCount = 0

2023-06-01 22:01:39,656 INFO toNotifyTaskSize = 0

2023-06-01 22:01:39,656 INFO toClientNotifyTaskSize = 0

2023-06-01 22:01:49,554 INFO [long-pulling] client count 2

2023-06-01 22:01:49,657 INFO toNotifyTaskSize = 0

2023-06-01 22:01:49,657 INFO groupCount = 1, subscriberClientCount = 0, subscriberCount = 0

2023-06-01 22:01:49,657 INFO toClientNotifyTaskSize = 0

2023-06-01 22:01:59,556 INFO [long-pulling] client count 2

2023-06-01 22:01:59,657 INFO groupCount = 1, subscriberClientCount = 0, subscriberCount = 0

2023-06-01 22:01:59,657 INFO toNotifyTaskSize = 0

2023-06-01 22:01:59,657 INFO toClientNotifyTaskSize = 0

2023-06-01 22:02:09,559 INFO [long-pulling] client count 2

2023-06-01 22:02:09,658 INFO groupCount = 1, subscriberClientCount = 0, subscriberCount = 0

2023-06-01 22:02:09,658 INFO toNotifyTaskSize = 0

2023-06-01 22:02:09,658 INFO toClientNotifyTaskSize = 0

2023-06-01 22:02:19,561 INFO [long-pulling] client count 2

2023-06-01 22:02:19,660 INFO toNotifyTaskSize = 0

2023-06-01 22:02:19,660 INFO groupCount = 1, subscriberClientCount = 0, subscriberCount = 0

2023-06-01 22:02:19,660 INFO toClientNotifyTaskSize = 0

2023-06-01 22:02:29,561 INFO [long-pulling] client count 2

2023-06-01 22:02:29,660 INFO groupCount = 1, subscriberClientCount = 0, subscriberCount = 0

2023-06-01 22:02:29,660 INFO toNotifyTaskSize = 0

2023-06-01 22:02:29,660 INFO toClientNotifyTaskSize = 0

2023-06-01 22:02:39,562 INFO [long-pulling] client count 2

2023-06-01 22:02:39,660 INFO toNotifyTaskSize = 0

2023-06-01 22:02:39,660 INFO groupCount = 1, subscriberClientCount = 0, subscriberCount = 0

2023-06-01 22:02:39,660 INFO toClientNotifyTaskSize = 0

2023-06-01 22:02:49,563 INFO [long-pulling] client count 3

2023-06-01 22:02:49,661 INFO toNotifyTaskSize = 0

2023-06-01 22:02:49,661 INFO groupCount = 1, subscriberClientCount = 0, subscriberCount = 0

2023-06-01 22:02:49,661 INFO toClientNotifyTaskSize = 0

2023-06-01 22:02:59,564 INFO [long-pulling] client count 2

2023-06-01 22:02:59,662 INFO groupCount = 1, subscriberClientCount = 0, subscriberCount = 0

2023-06-01 22:02:59,662 INFO toNotifyTaskSize = 0

2023-06-01 22:02:59,662 INFO toClientNotifyTaskSize = 0

2023-06-01 22:03:09,564 INFO [long-pulling] client count 2

2023-06-01 22:03:09,663 INFO groupCount = 1, subscriberClientCount = 0, subscriberCount = 0

2023-06-01 22:03:09,663 INFO toNotifyTaskSize = 0

2023-06-01 22:03:09,663 INFO toClientNotifyTaskSize = 0

2023-06-01 22:03:19,565 INFO [long-pulling] client count 2

2023-06-01 22:03:19,663 INFO toNotifyTaskSize = 0

2023-06-01 22:03:19,663 INFO groupCount = 1, subscriberClientCount = 0, subscriberCount = 0

2023-06-01 22:03:19,663 INFO toClientNotifyTaskSize = 0

2023-06-01 22:03:29,566 INFO [long-pulling] client count 2

2023-06-01 22:03:29,664 INFO groupCount = 1, subscriberClientCount = 0, subscriberCount = 0

2023-06-01 22:03:29,664 INFO toNotifyTaskSize = 0

2023-06-01 22:03:29,664 INFO toClientNotifyTaskSize = 0

2023-06-01 22:03:39,566 INFO [long-pulling] client count 2

2023-06-01 22:03:39,666 INFO groupCount = 1, subscriberClientCount = 0, subscriberCount = 0

2023-06-01 22:03:39,666 INFO toNotifyTaskSize = 0

2023-06-01 22:03:39,666 INFO toClientNotifyTaskSize = 0

2023-06-01 22:03:49,567 INFO [long-pulling] client count 2

2023-06-01 22:03:49,668 INFO toNotifyTaskSize = 0

2023-06-01 22:03:49,668 INFO groupCount = 1, subscriberClientCount = 0, subscriberCount = 0

2023-06-01 22:03:49,668 INFO toClientNotifyTaskSize = 0

2023-06-01 22:03:59,567 INFO [long-pulling] client count 2

2023-06-01 22:03:59,669 INFO groupCount = 1, subscriberClientCount = 0, subscriberCount = 0

2023-06-01 22:03:59,669 INFO toNotifyTaskSize = 0

2023-06-01 22:03:59,669 INFO toClientNotifyTaskSize = 0

2023-06-01 22:04:09,568 INFO [long-pulling] client count 2

2023-06-01 22:04:09,671 INFO groupCount = 1, subscriberClientCount = 0, subscriberCount = 0

2023-06-01 22:04:09,671 INFO toNotifyTaskSize = 0

2023-06-01 22:04:09,671 INFO toClientNotifyTaskSize = 0

2023-06-01 22:04:19,569 INFO [long-pulling] client count 2

2023-06-01 22:04:19,671 INFO groupCount = 1, subscriberClientCount = 0, subscriberCount = 0

2023-06-01 22:04:19,671 INFO toNotifyTaskSize = 0

2023-06-01 22:04:19,671 INFO toClientNotifyTaskSize = 0

2023-06-01 22:04:29,570 INFO [long-pulling] client count 2

2023-06-01 22:04:29,672 INFO toNotifyTaskSize = 0

2023-06-01 22:04:29,672 INFO groupCount = 1, subscriberClientCount = 0, subscriberCount = 0

2023-06-01 22:04:29,672 INFO toClientNotifyTaskSize = 0

2023-06-01 22:04:39,571 INFO [long-pulling] client count 2

2023-06-01 22:04:39,673 INFO groupCount = 1, subscriberClientCount = 0, subscriberCount = 0

2023-06-01 22:04:39,673 INFO toNotifyTaskSize = 0

2023-06-01 22:04:39,673 INFO toClientNotifyTaskSize = 0

2023-06-01 22:04:49,574 INFO [long-pulling] client count 2

2023-06-01 22:04:49,674 INFO groupCount = 1, subscriberClientCount = 0, subscriberCount = 0

2023-06-01 22:04:49,674 INFO toNotifyTaskSize = 0

2023-06-01 22:04:49,674 INFO toClientNotifyTaskSize = 0

2023-06-01 22:04:59,575 INFO [long-pulling] client count 2

2023-06-01 22:04:59,675 INFO toNotifyTaskSize = 0

2023-06-01 22:04:59,675 INFO groupCount = 1, subscriberClientCount = 0, subscriberCount = 0

2023-06-01 22:04:59,675 INFO toClientNotifyTaskSize = 0

2023-06-01 22:05:09,575 INFO [long-pulling] client count 2

2023-06-01 22:05:09,675 INFO toNotifyTaskSize = 0

2023-06-01 22:05:09,675 INFO groupCount = 1, subscriberClientCount = 0, subscriberCount = 0

2023-06-01 22:05:09,675 INFO toClientNotifyTaskSize = 0

2023-06-01 22:05:19,577 INFO [long-pulling] client count 2

2023-06-01 22:05:19,676 INFO toNotifyTaskSize = 0

2023-06-01 22:05:19,676 INFO groupCount = 1, subscriberClientCount = 0, subscriberCount = 0

2023-06-01 22:05:19,676 INFO toClientNotifyTaskSize = 0

2023-06-01 22:05:29,579 INFO [long-pulling] client count 2

2023-06-01 22:05:29,676 INFO toNotifyTaskSize = 0

2023-06-01 22:05:29,676 INFO groupCount = 1, subscriberClientCount = 0, subscriberCount = 0

2023-06-01 22:05:29,676 INFO toClientNotifyTaskSize = 0

2023-06-01 22:05:39,579 INFO [long-pulling] client count 2

2023-06-01 22:05:39,676 INFO toNotifyTaskSize = 0

2023-06-01 22:05:39,676 INFO groupCount = 1, subscriberClientCount = 0, subscriberCount = 0

2023-06-01 22:05:39,676 INFO toClientNotifyTaskSize = 0

2023-06-01 22:05:49,580 INFO [long-pulling] client count 2

2023-06-01 22:05:49,677 INFO toNotifyTaskSize = 0

2023-06-01 22:05:49,677 INFO groupCount = 1, subscriberClientCount = 0, subscriberCount = 0

2023-06-01 22:05:49,677 INFO toClientNotifyTaskSize = 0

2023-06-01 22:05:59,580 INFO [long-pulling] client count 2

2023-06-01 22:05:59,679 INFO groupCount = 1, subscriberClientCount = 0, subscriberCount = 0

2023-06-01 22:05:59,679 INFO toNotifyTaskSize = 0

2023-06-01 22:05:59,679 INFO toClientNotifyTaskSize = 0

2023-06-01 22:06:09,582 INFO [long-pulling] client count 2

2023-06-01 22:06:09,679 INFO groupCount = 1, subscriberClientCount = 0, subscriberCount = 0

2023-06-01 22:06:09,679 INFO toNotifyTaskSize = 0

2023-06-01 22:06:09,679 INFO toClientNotifyTaskSize = 0

2023-06-01 22:06:19,583 INFO [long-pulling] client count 1

2023-06-01 22:06:19,680 INFO toNotifyTaskSize = 0

2023-06-01 22:06:19,680 INFO groupCount = 1, subscriberClientCount = 0, subscriberCount = 0

2023-06-01 22:06:19,680 INFO toClientNotifyTaskSize = 0

2023-06-01 22:06:29,585 INFO [long-pulling] client count 2

2023-06-01 22:06:29,680 INFO toNotifyTaskSize = 0

2023-06-01 22:06:29,680 INFO groupCount = 1, subscriberClientCount = 0, subscriberCount = 0

2023-06-01 22:06:29,680 INFO toClientNotifyTaskSize = 0

2023-06-01 22:06:39,587 INFO [long-pulling] client count 2

2023-06-01 22:06:39,680 INFO groupCount = 1, subscriberClientCount = 0, subscriberCount = 0

2023-06-01 22:06:39,681 INFO toNotifyTaskSize = 0

2023-06-01 22:06:39,681 INFO toClientNotifyTaskSize = 0

2023-06-01 22:06:49,589 INFO [long-pulling] client count 2

2023-06-01 22:06:49,681 INFO toNotifyTaskSize = 0

2023-06-01 22:06:49,681 INFO groupCount = 1, subscriberClientCount = 0, subscriberCount = 0

2023-06-01 22:06:49,681 INFO toClientNotifyTaskSize = 0

2023-06-01 22:06:59,590 INFO [long-pulling] client count 2

2023-06-01 22:06:59,682 INFO groupCount = 1, subscriberClientCount = 0, subscriberCount = 0

2023-06-01 22:06:59,682 INFO toNotifyTaskSize = 0

2023-06-01 22:06:59,682 INFO toClientNotifyTaskSize = 0

2023-06-01 22:07:09,591 INFO [long-pulling] client count 2

2023-06-01 22:07:09,684 INFO toNotifyTaskSize = 0

2023-06-01 22:07:09,684 INFO groupCount = 1, subscriberClientCount = 0, subscriberCount = 0

2023-06-01 22:07:09,684 INFO toClientNotifyTaskSize = 0

2023-06-01 22:07:19,591 INFO [long-pulling] client count 2

2023-06-01 22:07:19,685 INFO groupCount = 1, subscriberClientCount = 0, subscriberCount = 0

2023-06-01 22:07:19,685 INFO toNotifyTaskSize = 0

2023-06-01 22:07:19,685 INFO toClientNotifyTaskSize = 0

2023-06-01 22:07:29,592 INFO [long-pulling] client count 2

2023-06-01 22:07:29,686 INFO groupCount = 1, subscriberClientCount = 0, subscriberCount = 0

2023-06-01 22:07:29,686 INFO toNotifyTaskSize = 0

2023-06-01 22:07:29,686 INFO toClientNotifyTaskSize = 0

2023-06-01 22:07:39,594 INFO [long-pulling] client count 2

2023-06-01 22:07:39,686 INFO toNotifyTaskSize = 0

2023-06-01 22:07:39,686 INFO groupCount = 1, subscriberClientCount = 0, subscriberCount = 0

2023-06-01 22:07:39,686 INFO toClientNotifyTaskSize = 0

2023-06-01 22:07:49,595 INFO [long-pulling] client count 3

2023-06-01 22:07:49,687 INFO groupCount = 1, subscriberClientCount = 0, subscriberCount = 0

2023-06-01 22:07:49,687 INFO toNotifyTaskSize = 0

2023-06-01 22:07:49,687 INFO toClientNotifyTaskSize = 0

2023-06-01 22:07:59,596 INFO [long-pulling] client count 2

2023-06-01 22:07:59,688 INFO toNotifyTaskSize = 0

2023-06-01 22:07:59,688 INFO groupCount = 1, subscriberClientCount = 0, subscriberCount = 0

2023-06-01 22:07:59,688 INFO toClientNotifyTaskSize = 0

2023-06-01 22:08:09,597 INFO [long-pulling] client count 2

2023-06-01 22:08:09,688 INFO toNotifyTaskSize = 0

2023-06-01 22:08:09,688 INFO groupCount = 1, subscriberClientCount = 0, subscriberCount = 0

2023-06-01 22:08:09,688 INFO toClientNotifyTaskSize = 0

2023-06-01 22:08:19,598 INFO [long-pulling] client count 2

2023-06-01 22:08:19,689 INFO toNotifyTaskSize = 0

2023-06-01 22:08:19,689 INFO groupCount = 1, subscriberClientCount = 0, subscriberCount = 0

2023-06-01 22:08:19,689 INFO toClientNotifyTaskSize = 0

2023-06-01 22:08:29,599 INFO [long-pulling] client count 2

2023-06-01 22:08:29,689 INFO groupCount = 1, subscriberClientCount = 0, subscriberCount = 0

2023-06-01 22:08:29,689 INFO toNotifyTaskSize = 0

2023-06-01 22:08:29,689 INFO toClientNotifyTaskSize = 0

2023-06-01 22:08:39,600 INFO [long-pulling] client count 2

2023-06-01 22:08:39,690 INFO toNotifyTaskSize = 0

2023-06-01 22:08:39,690 INFO groupCount = 1, subscriberClientCount = 0, subscriberCount = 0

2023-06-01 22:08:39,690 INFO toClientNotifyTaskSize = 0

2023-06-01 22:08:49,600 INFO [long-pulling] client count 2

2023-06-01 22:08:49,691 INFO groupCount = 1, subscriberClientCount = 0, subscriberCount = 0

2023-06-01 22:08:49,691 INFO toNotifyTaskSize = 0

2023-06-01 22:08:49,691 INFO toClientNotifyTaskSize = 0

2023-06-01 22:08:59,601 INFO [long-pulling] client count 2

2023-06-01 22:08:59,691 INFO groupCount = 1, subscriberClientCount = 0, subscriberCount = 0

2023-06-01 22:08:59,691 INFO toNotifyTaskSize = 0

2023-06-01 22:08:59,691 INFO toClientNotifyTaskSize = 0

2023-06-01 22:09:09,602 INFO [long-pulling] client count 2

2023-06-01 22:09:09,691 INFO groupCount = 1, subscriberClientCount = 0, subscriberCount = 0

2023-06-01 22:09:09,691 INFO toNotifyTaskSize = 0

2023-06-01 22:09:09,691 INFO toClientNotifyTaskSize = 0

2023-06-01 22:09:19,602 INFO [long-pulling] client count 2

2023-06-01 22:09:19,694 INFO toNotifyTaskSize = 0

2023-06-01 22:09:19,694 INFO groupCount = 1, subscriberClientCount = 0, subscriberCount = 0

2023-06-01 22:09:19,694 INFO toClientNotifyTaskSize = 0

2023-06-01 22:09:29,603 INFO [long-pulling] client count 2

2023-06-01 22:09:29,695 INFO toNotifyTaskSize = 0

2023-06-01 22:09:29,695 INFO groupCount = 1, subscriberClientCount = 0, subscriberCount = 0

2023-06-01 22:09:29,695 INFO toClientNotifyTaskSize = 0

2023-06-01 22:09:39,604 INFO [long-pulling] client count 2

2023-06-01 22:09:39,696 INFO toNotifyTaskSize = 0

2023-06-01 22:09:39,696 INFO groupCount = 1, subscriberClientCount = 0, subscriberCount = 0

2023-06-01 22:09:39,696 INFO toClientNotifyTaskSize = 0

2023-06-01 22:09:49,605 INFO [long-pulling] client count 2

2023-06-01 22:09:49,698 INFO toNotifyTaskSize = 0

2023-06-01 22:09:49,698 INFO groupCount = 1, subscriberClientCount = 0, subscriberCount = 0

2023-06-01 22:09:49,698 INFO toClientNotifyTaskSize = 0

2023-06-01 22:09:59,605 INFO [long-pulling] client count 2

2023-06-01 22:09:59,699 INFO toNotifyTaskSize = 0

2023-06-01 22:09:59,699 INFO groupCount = 1, subscriberClientCount = 0, subscriberCount = 0

2023-06-01 22:09:59,699 INFO toClientNotifyTaskSize = 0

2023-06-01 22:10:09,606 INFO [long-pulling] client count 2

2023-06-01 22:10:09,699 INFO toNotifyTaskSize = 0

2023-06-01 22:10:09,699 INFO groupCount = 1, subscriberClientCount = 0, subscriberCount = 0

2023-06-01 22:10:09,699 INFO toClientNotifyTaskSize = 0

2023-06-01 22:10:19,607 INFO [long-pulling] client count 2

2023-06-01 22:10:19,700 INFO toNotifyTaskSize = 0

2023-06-01 22:10:19,700 INFO groupCount = 1, subscriberClientCount = 0, subscriberCount = 0

2023-06-01 22:10:19,700 INFO toClientNotifyTaskSize = 0

2023-06-01 22:10:29,609 INFO [long-pulling] client count 2

2023-06-01 22:10:29,701 INFO toNotifyTaskSize = 0

2023-06-01 22:10:29,701 INFO groupCount = 1, subscriberClientCount = 0, subscriberCount = 0

2023-06-01 22:10:29,701 INFO toClientNotifyTaskSize = 0

2023-06-01 22:10:39,610 INFO [long-pulling] client count 2

2023-06-01 22:10:39,701 INFO toNotifyTaskSize = 0

2023-06-01 22:10:39,701 INFO groupCount = 1, subscriberClientCount = 0, subscriberCount = 0

2023-06-01 22:10:39,701 INFO toClientNotifyTaskSize = 0

2023-06-01 22:10:49,612 INFO [long-pulling] client count 2

2023-06-01 22:10:49,703 INFO toNotifyTaskSize = 0

2023-06-01 22:10:49,703 INFO groupCount = 1, subscriberClientCount = 0, subscriberCount = 0

2023-06-01 22:10:49,703 INFO toClientNotifyTaskSize = 0

2023-06-01 22:10:59,614 INFO [long-pulling] client count 2

2023-06-01 22:10:59,704 INFO toNotifyTaskSize = 0

2023-06-01 22:10:59,704 INFO groupCount = 1, subscriberClientCount = 0, subscriberCount = 0

2023-06-01 22:10:59,704 INFO toClientNotifyTaskSize = 0

2023-06-01 22:11:09,614 INFO [long-pulling] client count 2

2023-06-01 22:11:09,706 INFO groupCount = 1, subscriberClientCount = 0, subscriberCount = 0

2023-06-01 22:11:09,706 INFO toNotifyTaskSize = 0

2023-06-01 22:11:09,706 INFO toClientNotifyTaskSize = 0

2023-06-01 22:11:19,615 INFO [long-pulling] client count 2

2023-06-01 22:11:19,707 INFO toNotifyTaskSize = 0

2023-06-01 22:11:19,707 INFO groupCount = 1, subscriberClientCount = 0, subscriberCount = 0

2023-06-01 22:11:19,707 INFO toClientNotifyTaskSize = 0

2023-06-01 22:11:29,615 INFO [long-pulling] client count 2

2023-06-01 22:11:29,708 INFO groupCount = 1, subscriberClientCount = 0, subscriberCount = 0

2023-06-01 22:11:29,708 INFO toNotifyTaskSize = 0

2023-06-01 22:11:29,708 INFO toClientNotifyTaskSize = 0

2023-06-01 22:11:39,616 INFO [long-pulling] client count 2

2023-06-01 22:11:39,709 INFO toNotifyTaskSize = 0

2023-06-01 22:11:39,709 INFO groupCount = 1, subscriberClientCount = 0, subscriberCount = 0

2023-06-01 22:11:39,709 INFO toClientNotifyTaskSize = 0

2023-06-01 22:11:49,618 INFO [long-pulling] client count 2

2023-06-01 22:11:49,709 INFO groupCount = 1, subscriberClientCount = 0, subscriberCount = 0

2023-06-01 22:11:49,709 INFO toNotifyTaskSize = 0

2023-06-01 22:11:49,709 INFO toClientNotifyTaskSize = 0

2023-06-01 22:11:59,618 INFO [long-pulling] client count 2

2023-06-01 22:11:59,710 INFO toNotifyTaskSize = 0

2023-06-01 22:11:59,710 INFO groupCount = 1, subscriberClientCount = 0, subscriberCount = 0

2023-06-01 22:11:59,710 INFO toClientNotifyTaskSize = 0

2023-06-01 22:12:09,619 INFO [long-pulling] client count 2

2023-06-01 22:12:09,710 INFO groupCount = 1, subscriberClientCount = 0, subscriberCount = 0

2023-06-01 22:12:09,710 INFO toNotifyTaskSize = 0

2023-06-01 22:12:09,710 INFO toClientNotifyTaskSize = 0

2023-06-01 22:12:19,621 INFO [long-pulling] client count 2

2023-06-01 22:12:19,711 INFO groupCount = 1, subscriberClientCount = 0, subscriberCount = 0

2023-06-01 22:12:19,711 INFO toNotifyTaskSize = 0

2023-06-01 22:12:19,711 INFO toClientNotifyTaskSize = 0

2023-06-01 22:12:29,622 INFO [long-pulling] client count 2

2023-06-01 22:12:29,711 INFO groupCount = 1, subscriberClientCount = 0, subscriberCount = 0

2023-06-01 22:12:29,711 INFO toNotifyTaskSize = 0

2023-06-01 22:12:29,711 INFO toClientNotifyTaskSize = 0

2023-06-01 22:12:39,624 INFO [long-pulling] client count 2

2023-06-01 22:12:39,712 INFO groupCount = 1, subscriberClientCount = 0, subscriberCount = 0

2023-06-01 22:12:39,712 INFO toNotifyTaskSize = 0

2023-06-01 22:12:39,712 INFO toClientNotifyTaskSize = 0

2023-06-01 22:12:49,625 INFO [long-pulling] client count 2

2023-06-01 22:12:49,712 INFO groupCount = 1, subscriberClientCount = 0, subscriberCount = 0

2023-06-01 22:12:49,712 INFO toNotifyTaskSize = 0

2023-06-01 22:12:49,712 INFO toClientNotifyTaskSize = 0

2023-06-01 22:12:59,627 INFO [long-pulling] client count 2

2023-06-01 22:12:59,713 INFO groupCount = 1, subscriberClientCount = 0, subscriberCount = 0

2023-06-01 22:12:59,713 INFO toNotifyTaskSize = 0

2023-06-01 22:12:59,713 INFO toClientNotifyTaskSize = 0

2023-06-01 22:13:09,628 INFO [long-pulling] client count 2

2023-06-01 22:13:09,713 INFO groupCount = 1, subscriberClientCount = 0, subscriberCount = 0

2023-06-01 22:13:09,713 INFO toNotifyTaskSize = 0

2023-06-01 22:13:09,713 INFO toClientNotifyTaskSize = 0

2023-06-01 22:13:19,629 INFO [long-pulling] client count 2

2023-06-01 22:13:19,714 INFO toNotifyTaskSize = 0

2023-06-01 22:13:19,714 INFO groupCount = 1, subscriberClientCount = 0, subscriberCount = 0

2023-06-01 22:13:19,714 INFO toClientNotifyTaskSize = 0

2023-06-01 22:13:29,630 INFO [long-pulling] client count 2

2023-06-01 22:13:29,715 INFO groupCount = 1, subscriberClientCount = 0, subscriberCount = 0

2023-06-01 22:13:29,715 INFO toNotifyTaskSize = 0

2023-06-01 22:13:29,715 INFO toClientNotifyTaskSize = 0

2023-06-01 22:13:39,631 INFO [long-pulling] client count 2

2023-06-01 22:13:39,716 INFO groupCount = 1, subscriberClientCount = 0, subscriberCount = 0

2023-06-01 22:13:39,716 INFO toNotifyTaskSize = 0

2023-06-01 22:13:39,716 INFO toClientNotifyTaskSize = 0

2023-06-01 22:13:49,632 INFO [long-pulling] client count 2

2023-06-01 22:13:49,716 INFO groupCount = 1, subscriberClientCount = 0, subscriberCount = 0

2023-06-01 22:13:49,716 INFO toNotifyTaskSize = 0

2023-06-01 22:13:49,716 INFO toClientNotifyTaskSize = 0

2023-06-01 22:13:59,633 INFO [long-pulling] client count 2

2023-06-01 22:13:59,718 INFO toNotifyTaskSize = 0

2023-06-01 22:13:59,718 INFO groupCount = 1, subscriberClientCount = 0, subscriberCount = 0

2023-06-01 22:13:59,718 INFO toClientNotifyTaskSize = 0

2023-06-01 22:14:09,635 INFO [long-pulling] client count 2

2023-06-01 22:14:09,720 INFO toNotifyTaskSize = 0

2023-06-01 22:14:09,720 INFO groupCount = 1, subscriberClientCount = 0, subscriberCount = 0

2023-06-01 22:14:09,720 INFO toClientNotifyTaskSize = 0

2023-06-01 22:14:19,635 INFO [long-pulling] client count 2

2023-06-01 22:14:19,721 INFO toNotifyTaskSize = 0

2023-06-01 22:14:19,721 INFO groupCount = 1, subscriberClientCount = 0, subscriberCount = 0

2023-06-01 22:14:19,721 INFO toClientNotifyTaskSize = 0

2023-06-01 22:14:29,637 INFO [long-pulling] client count 2

2023-06-01 22:14:29,722 INFO groupCount = 1, subscriberClientCount = 0, subscriberCount = 0

2023-06-01 22:14:29,722 INFO toNotifyTaskSize = 0

2023-06-01 22:14:29,722 INFO toClientNotifyTaskSize = 0

2023-06-01 22:14:39,638 INFO [long-pulling] client count 2

2023-06-01 22:14:39,723 INFO groupCount = 1, subscriberClientCount = 0, subscriberCount = 0

2023-06-01 22:14:39,723 INFO toNotifyTaskSize = 0

2023-06-01 22:14:39,723 INFO toClientNotifyTaskSize = 0

2023-06-01 22:14:49,640 INFO [long-pulling] client count 2

2023-06-01 22:14:49,725 INFO groupCount = 1, subscriberClientCount = 0, subscriberCount = 0

2023-06-01 22:14:49,725 INFO toNotifyTaskSize = 0

2023-06-01 22:14:49,725 INFO toClientNotifyTaskSize = 0

2023-06-01 22:14:59,640 INFO [long-pulling] client count 2

2023-06-01 22:14:59,726 INFO toNotifyTaskSize = 0

2023-06-01 22:14:59,726 INFO groupCount = 1, subscriberClientCount = 0, subscriberCount = 0

2023-06-01 22:14:59,726 INFO toClientNotifyTaskSize = 0

2023-06-01 22:15:09,641 INFO [long-pulling] client count 2

2023-06-01 22:15:09,726 INFO toNotifyTaskSize = 0

2023-06-01 22:15:09,726 INFO groupCount = 1, subscriberClientCount = 0, subscriberCount = 0

2023-06-01 22:15:09,726 INFO toClientNotifyTaskSize = 0

2023-06-01 22:15:19,643 INFO [long-pulling] client count 2

2023-06-01 22:15:19,727 INFO groupCount = 1, subscriberClientCount = 0, subscriberCount = 0

2023-06-01 22:15:19,727 INFO toNotifyTaskSize = 0

2023-06-01 22:15:19,727 INFO toClientNotifyTaskSize = 0

2023-06-01 22:15:29,644 INFO [long-pulling] client count 2

2023-06-01 22:15:29,728 INFO groupCount = 1, subscriberClientCount = 0, subscriberCount = 0

2023-06-01 22:15:29,728 INFO toNotifyTaskSize = 0

2023-06-01 22:15:29,728 INFO toClientNotifyTaskSize = 0

2023-06-01 22:15:39,644 INFO [long-pulling] client count 2

2023-06-01 22:15:39,729 INFO groupCount = 1, subscriberClientCount = 0, subscriberCount = 0

2023-06-01 22:15:39,729 INFO toNotifyTaskSize = 0

2023-06-01 22:15:39,729 INFO toClientNotifyTaskSize = 0

2023-06-01 22:15:49,645 INFO [long-pulling] client count 2

2023-06-01 22:15:49,729 INFO toNotifyTaskSize = 0

2023-06-01 22:15:49,729 INFO groupCount = 1, subscriberClientCount = 0, subscriberCount = 0

2023-06-01 22:15:49,729 INFO toClientNotifyTaskSize = 0

2023-06-01 22:15:59,645 INFO [long-pulling] client count 2

2023-06-01 22:15:59,730 INFO toNotifyTaskSize = 0

2023-06-01 22:15:59,730 INFO groupCount = 1, subscriberClientCount = 0, subscriberCount = 0

2023-06-01 22:15:59,730 INFO toClientNotifyTaskSize = 0

2023-06-01 22:16:09,646 INFO [long-pulling] client count 2

2023-06-01 22:16:09,730 INFO toNotifyTaskSize = 0

2023-06-01 22:16:09,730 INFO groupCount = 1, subscriberClientCount = 0, subscriberCount = 0

2023-06-01 22:16:09,730 INFO toClientNotifyTaskSize = 0

2023-06-01 22:16:19,647 INFO [long-pulling] client count 2

2023-06-01 22:16:19,731 INFO groupCount = 1, subscriberClientCount = 0, subscriberCount = 0

2023-06-01 22:16:19,731 INFO toNotifyTaskSize = 0

2023-06-01 22:16:19,731 INFO toClientNotifyTaskSize = 0

2023-06-01 22:16:29,647 INFO [long-pulling] client count 2

2023-06-01 22:16:29,733 INFO toNotifyTaskSize = 0

2023-06-01 22:16:29,733 INFO groupCount = 1, subscriberClientCount = 0, subscriberCount = 0

2023-06-01 22:16:29,733 INFO toClientNotifyTaskSize = 0

2023-06-01 22:16:39,648 INFO [long-pulling] client count 2

2023-06-01 22:16:39,734 INFO toNotifyTaskSize = 0

2023-06-01 22:16:39,734 INFO groupCount = 1, subscriberClientCount = 0, subscriberCount = 0

2023-06-01 22:16:39,734 INFO toClientNotifyTaskSize = 0

2023-06-01 22:16:49,650 INFO [long-pulling] client count 2

2023-06-01 22:16:49,736 INFO toNotifyTaskSize = 0

2023-06-01 22:16:49,736 INFO groupCount = 1, subscriberClientCount = 0, subscriberCount = 0

2023-06-01 22:16:49,736 INFO toClientNotifyTaskSize = 0

2023-06-01 22:16:59,651 INFO [long-pulling] client count 2

2023-06-01 22:16:59,736 INFO toNotifyTaskSize = 0

2023-06-01 22:16:59,736 INFO groupCount = 1, subscriberClientCount = 0, subscriberCount = 0

2023-06-01 22:16:59,736 INFO toClientNotifyTaskSize = 0

2023-06-01 22:17:09,651 INFO [long-pulling] client count 2

2023-06-01 22:17:09,737 INFO toNotifyTaskSize = 0

2023-06-01 22:17:09,737 INFO groupCount = 1, subscriberClientCount = 0, subscriberCount = 0

2023-06-01 22:17:09,737 INFO toClientNotifyTaskSize = 0

2023-06-01 22:17:19,652 INFO [long-pulling] client count 2

2023-06-01 22:17:19,738 INFO groupCount = 1, subscriberClientCount = 0, subscriberCount = 0

2023-06-01 22:17:19,738 INFO toNotifyTaskSize = 0

2023-06-01 22:17:19,738 INFO toClientNotifyTaskSize = 0

2023-06-01 22:17:29,653 INFO [long-pulling] client count 2

2023-06-01 22:17:29,738 INFO toNotifyTaskSize = 0

2023-06-01 22:17:29,738 INFO groupCount = 1, subscriberClientCount = 0, subscriberCount = 0

2023-06-01 22:17:29,738 INFO toClientNotifyTaskSize = 0

2023-06-01 22:17:39,654 INFO [long-pulling] client count 2

2023-06-01 22:17:39,738 INFO toNotifyTaskSize = 0

2023-06-01 22:17:39,738 INFO groupCount = 1, subscriberClientCount = 0, subscriberCount = 0

2023-06-01 22:17:39,738 INFO toClientNotifyTaskSize = 0

2023-06-01 22:17:49,656 INFO [long-pulling] client count 2

2023-06-01 22:17:49,739 INFO toNotifyTaskSize = 0

2023-06-01 22:17:49,739 INFO groupCount = 1, subscriberClientCount = 0, subscriberCount = 0

2023-06-01 22:17:49,739 INFO toClientNotifyTaskSize = 0

2023-06-01 22:17:59,657 INFO [long-pulling] client count 2

2023-06-01 22:17:59,740 INFO toNotifyTaskSize = 0

2023-06-01 22:17:59,740 INFO groupCount = 1, subscriberClientCount = 0, subscriberCount = 0

2023-06-01 22:17:59,740 INFO toClientNotifyTaskSize = 0

2023-06-01 22:18:09,657 INFO [long-pulling] client count 2

2023-06-01 22:18:09,740 INFO toNotifyTaskSize = 0

2023-06-01 22:18:09,740 INFO groupCount = 1, subscriberClientCount = 0, subscriberCount = 0

2023-06-01 22:18:09,740 INFO toClientNotifyTaskSize = 0

2023-06-01 22:18:19,658 INFO [long-pulling] client count 2

2023-06-01 22:18:19,741 INFO groupCount = 1, subscriberClientCount = 0, subscriberCount = 0

2023-06-01 22:18:19,741 INFO toNotifyTaskSize = 0

2023-06-01 22:18:19,741 INFO toClientNotifyTaskSize = 0

2023-06-01 22:18:29,660 INFO [long-pulling] client count 2

2023-06-01 22:18:29,741 INFO groupCount = 1, subscriberClientCount = 0, subscriberCount = 0

2023-06-01 22:18:29,741 INFO toNotifyTaskSize = 0

2023-06-01 22:18:29,741 INFO toClientNotifyTaskSize = 0

2023-06-01 22:18:39,662 INFO [long-pulling] client count 2

2023-06-01 22:18:39,741 INFO groupCount = 1, subscriberClientCount = 0, subscriberCount = 0

2023-06-01 22:18:39,741 INFO toNotifyTaskSize = 0

2023-06-01 22:18:39,741 INFO toClientNotifyTaskSize = 0

2023-06-01 22:18:49,663 INFO [long-pulling] client count 2

2023-06-01 22:18:49,742 INFO groupCount = 1, subscriberClientCount = 0, subscriberCount = 0

2023-06-01 22:18:49,742 INFO toNotifyTaskSize = 0

2023-06-01 22:18:49,742 INFO toClientNotifyTaskSize = 0

2023-06-01 22:18:59,663 INFO [long-pulling] client count 2

2023-06-01 22:18:59,743 INFO groupCount = 1, subscriberClientCount = 0, subscriberCount = 0

2023-06-01 22:18:59,743 INFO toNotifyTaskSize = 0

2023-06-01 22:18:59,743 INFO toClientNotifyTaskSize = 0

2023-06-01 22:19:09,664 INFO [long-pulling] client count 2

2023-06-01 22:19:09,743 INFO toNotifyTaskSize = 0

2023-06-01 22:19:09,743 INFO groupCount = 1, subscriberClientCount = 0, subscriberCount = 0

2023-06-01 22:19:09,743 INFO toClientNotifyTaskSize = 0

2023-06-01 22:19:19,664 INFO [long-pulling] client count 2

2023-06-01 22:19:19,744 INFO groupCount = 1, subscriberClientCount = 0, subscriberCount = 0

2023-06-01 22:19:19,744 INFO toNotifyTaskSize = 0

2023-06-01 22:19:19,744 INFO toClientNotifyTaskSize = 0

2023-06-01 22:19:29,666 INFO [long-pulling] client count 2

2023-06-01 22:19:29,745 INFO toNotifyTaskSize = 0

2023-06-01 22:19:29,745 INFO groupCount = 1, subscriberClientCount = 0, subscriberCount = 0

2023-06-01 22:19:29,745 INFO toClientNotifyTaskSize = 0

2023-06-01 22:19:39,667 INFO [long-pulling] client count 2

2023-06-01 22:19:39,745 INFO groupCount = 1, subscriberClientCount = 0, subscriberCount = 0

2023-06-01 22:19:39,745 INFO toNotifyTaskSize = 0

2023-06-01 22:19:39,745 INFO toClientNotifyTaskSize = 0

2023-06-01 22:19:49,668 INFO [long-pulling] client count 2

2023-06-01 22:19:49,746 INFO toNotifyTaskSize = 0

2023-06-01 22:19:49,746 INFO groupCount = 1, subscriberClientCount = 0, subscriberCount = 0

2023-06-01 22:19:49,746 INFO toClientNotifyTaskSize = 0

2023-06-01 22:19:59,670 INFO [long-pulling] client count 2

2023-06-01 22:19:59,746 INFO toNotifyTaskSize = 0

2023-06-01 22:19:59,746 INFO groupCount = 1, subscriberClientCount = 0, subscriberCount = 0

2023-06-01 22:19:59,746 INFO toClientNotifyTaskSize = 0

2023-06-01 22:20:09,671 INFO [long-pulling] client count 2

2023-06-01 22:20:09,747 INFO groupCount = 1, subscriberClientCount = 0, subscriberCount = 0

2023-06-01 22:20:09,747 INFO toNotifyTaskSize = 0

2023-06-01 22:20:09,747 INFO toClientNotifyTaskSize = 0

2023-06-01 22:20:19,673 INFO [long-pulling] client count 2

2023-06-01 22:20:19,748 INFO toNotifyTaskSize = 0

2023-06-01 22:20:19,748 INFO groupCount = 1, subscriberClientCount = 0, subscriberCount = 0

2023-06-01 22:20:19,748 INFO toClientNotifyTaskSize = 0

2023-06-01 22:20:29,675 INFO [long-pulling] client count 2

2023-06-01 22:20:29,750 INFO toNotifyTaskSize = 0

2023-06-01 22:20:29,750 INFO toClientNotifyTaskSize = 0

2023-06-01 22:20:29,750 INFO groupCount = 1, subscriberClientCount = 0, subscriberCount = 0

2023-06-01 22:20:39,675 INFO [long-pulling] client count 2

2023-06-01 22:20:39,750 INFO toNotifyTaskSize = 0

2023-06-01 22:20:39,750 INFO toClientNotifyTaskSize = 0

2023-06-01 22:20:39,751 INFO groupCount = 1, subscriberClientCount = 0, subscriberCount = 0

2023-06-01 22:20:49,675 INFO [long-pulling] client count 2

2023-06-01 22:20:49,751 INFO toNotifyTaskSize = 0

2023-06-01 22:20:49,751 INFO toClientNotifyTaskSize = 0

2023-06-01 22:20:49,753 INFO groupCount = 1, subscriberClientCount = 0, subscriberCount = 0

2023-06-01 22:20:59,677 INFO [long-pulling] client count 2

2023-06-01 22:20:59,751 INFO toNotifyTaskSize = 0

2023-06-01 22:20:59,751 INFO toClientNotifyTaskSize = 0

2023-06-01 22:20:59,754 INFO groupCount = 1, subscriberClientCount = 0, subscriberCount = 0

2023-06-01 22:21:09,679 INFO [long-pulling] client count 2

2023-06-01 22:21:09,752 INFO toNotifyTaskSize = 0

2023-06-01 22:21:09,752 INFO toClientNotifyTaskSize = 0

2023-06-01 22:21:09,754 INFO groupCount = 1, subscriberClientCount = 0, subscriberCount = 0

2023-06-01 22:21:19,680 INFO [long-pulling] client count 2

2023-06-01 22:21:19,753 INFO toNotifyTaskSize = 0

2023-06-01 22:21:19,753 INFO toClientNotifyTaskSize = 0

2023-06-01 22:21:19,755 INFO groupCount = 1, subscriberClientCount = 0, subscriberCount = 0

2023-06-01 22:21:29,682 INFO [long-pulling] client count 2

2023-06-01 22:21:29,754 INFO toNotifyTaskSize = 0

2023-06-01 22:21:29,754 INFO toClientNotifyTaskSize = 0

2023-06-01 22:21:29,756 INFO groupCount = 1, subscriberClientCount = 0, subscriberCount = 0

2023-06-01 22:21:39,682 INFO [long-pulling] client count 2

2023-06-01 22:21:39,755 INFO toNotifyTaskSize = 0

2023-06-01 22:21:39,755 INFO toClientNotifyTaskSize = 0

2023-06-01 22:21:39,758 INFO groupCount = 1, subscriberClientCount = 0, subscriberCount = 0

2023-06-01 22:21:49,683 INFO [long-pulling] client count 2

2023-06-01 22:21:49,756 INFO toNotifyTaskSize = 0

2023-06-01 22:21:49,756 INFO toClientNotifyTaskSize = 0

2023-06-01 22:21:49,759 INFO groupCount = 1, subscriberClientCount = 0, subscriberCount = 0

2023-06-01 22:21:59,685 INFO [long-pulling] client count 2

2023-06-01 22:21:59,756 INFO toNotifyTaskSize = 0

2023-06-01 22:21:59,756 INFO toClientNotifyTaskSize = 0

2023-06-01 22:21:59,759 INFO groupCount = 1, subscriberClientCount = 0, subscriberCount = 0

2023-06-01 22:22:09,685 INFO [long-pulling] client count 2

2023-06-01 22:22:09,756 INFO toNotifyTaskSize = 0

2023-06-01 22:22:09,756 INFO toClientNotifyTaskSize = 0

2023-06-01 22:22:09,759 INFO groupCount = 1, subscriberClientCount = 0, subscriberCount = 0

2023-06-01 22:22:19,686 INFO [long-pulling] client count 2

2023-06-01 22:22:19,757 INFO toNotifyTaskSize = 0

2023-06-01 22:22:19,757 INFO toClientNotifyTaskSize = 0

2023-06-01 22:22:19,760 INFO groupCount = 1, subscriberClientCount = 0, subscriberCount = 0

2023-06-01 22:22:29,688 INFO [long-pulling] client count 2

2023-06-01 22:22:29,758 INFO toNotifyTaskSize = 0

2023-06-01 22:22:29,758 INFO toClientNotifyTaskSize = 0

2023-06-01 22:22:29,761 INFO groupCount = 1, subscriberClientCount = 0, subscriberCount = 0

2023-06-01 22:22:39,690 INFO [long-pulling] client count 2

2023-06-01 22:22:39,760 INFO toNotifyTaskSize = 0

2023-06-01 22:22:39,760 INFO toClientNotifyTaskSize = 0

2023-06-01 22:22:39,763 INFO groupCount = 1, subscriberClientCount = 0, subscriberCount = 0

2023-06-01 22:22:49,690 INFO [long-pulling] client count 2

2023-06-01 22:22:49,760 INFO toNotifyTaskSize = 0

2023-06-01 22:22:49,760 INFO toClientNotifyTaskSize = 0

2023-06-01 22:22:49,763 INFO groupCount = 1, subscriberClientCount = 0, subscriberCount = 0

2023-06-01 22:22:59,690 INFO [long-pulling] client count 2

2023-06-01 22:22:59,760 INFO toNotifyTaskSize = 0

2023-06-01 22:22:59,760 INFO toClientNotifyTaskSize = 0

2023-06-01 22:22:59,764 INFO groupCount = 1, subscriberClientCount = 0, subscriberCount = 0

2023-06-01 22:23:09,691 INFO [long-pulling] client count 2

2023-06-01 22:23:09,761 INFO toNotifyTaskSize = 0

2023-06-01 22:23:09,761 INFO toClientNotifyTaskSize = 0

2023-06-01 22:23:09,765 INFO groupCount = 1, subscriberClientCount = 0, subscriberCount = 0

2023-06-01 22:23:19,692 INFO [long-pulling] client count 2

2023-06-01 22:23:19,762 INFO toNotifyTaskSize = 0

2023-06-01 22:23:19,762 INFO toClientNotifyTaskSize = 0

2023-06-01 22:23:19,766 INFO groupCount = 1, subscriberClientCount = 0, subscriberCount = 0

2023-06-01 22:23:29,693 INFO [long-pulling] client count 2

2023-06-01 22:23:29,762 INFO toNotifyTaskSize = 0

2023-06-01 22:23:29,762 INFO toClientNotifyTaskSize = 0

2023-06-01 22:23:29,766 INFO groupCount = 1, subscriberClientCount = 0, subscriberCount = 0

2023-06-01 22:23:39,694 INFO [long-pulling] client count 2

2023-06-01 22:23:39,763 INFO toNotifyTaskSize = 0

2023-06-01 22:23:39,763 INFO toClientNotifyTaskSize = 0

2023-06-01 22:23:39,767 INFO groupCount = 1, subscriberClientCount = 0, subscriberCount = 0

2023-06-01 22:23:49,695 INFO [long-pulling] client count 2

2023-06-01 22:23:49,764 INFO toNotifyTaskSize = 0

2023-06-01 22:23:49,764 INFO toClientNotifyTaskSize = 0

2023-06-01 22:23:49,768 INFO groupCount = 1, subscriberClientCount = 0, subscriberCount = 0

2023-06-01 22:23:59,695 INFO [long-pulling] client count 2

2023-06-01 22:23:59,764 INFO toNotifyTaskSize = 0

2023-06-01 22:23:59,764 INFO toClientNotifyTaskSize = 0

2023-06-01 22:23:59,768 INFO groupCount = 1, subscriberClientCount = 0, subscriberCount = 0

2023-06-01 22:24:09,695 INFO [long-pulling] client count 2

2023-06-01 22:24:09,764 INFO toNotifyTaskSize = 0

2023-06-01 22:24:09,764 INFO toClientNotifyTaskSize = 0

2023-06-01 22:24:09,768 INFO groupCount = 1, subscriberClientCount = 0, subscriberCount = 0

2023-06-01 22:24:19,696 INFO [long-pulling] client count 2

2023-06-01 22:24:19,765 INFO toNotifyTaskSize = 0

2023-06-01 22:24:19,765 INFO toClientNotifyTaskSize = 0

2023-06-01 22:24:19,770 INFO groupCount = 1, subscriberClientCount = 0, subscriberCount = 0

2023-06-01 22:24:29,696 INFO [long-pulling] client count 2

2023-06-01 22:24:29,765 INFO toNotifyTaskSize = 0

2023-06-01 22:24:29,765 INFO toClientNotifyTaskSize = 0

2023-06-01 22:24:29,770 INFO groupCount = 1, subscriberClientCount = 0, subscriberCount = 0

2023-06-01 22:24:39,697 INFO [long-pulling] client count 2

2023-06-01 22:24:39,766 INFO toNotifyTaskSize = 0

2023-06-01 22:24:39,766 INFO toClientNotifyTaskSize = 0

2023-06-01 22:24:39,772 INFO groupCount = 1, subscriberClientCount = 0, subscriberCount = 0

2023-06-01 22:24:49,697 INFO [long-pulling] client count 2

2023-06-01 22:24:49,766 INFO toNotifyTaskSize = 0

2023-06-01 22:24:49,766 INFO toClientNotifyTaskSize = 0

2023-06-01 22:24:49,773 INFO groupCount = 1, subscriberClientCount = 0, subscriberCount = 0

2023-06-01 22:24:59,699 INFO [long-pulling] client count 2

2023-06-01 22:24:59,767 INFO toNotifyTaskSize = 0

2023-06-01 22:24:59,767 INFO toClientNotifyTaskSize = 0

2023-06-01 22:24:59,774 INFO groupCount = 1, subscriberClientCount = 0, subscriberCount = 0

2023-06-01 22:25:09,700 INFO [long-pulling] client count 2

2023-06-01 22:25:09,768 INFO toNotifyTaskSize = 0

2023-06-01 22:25:09,768 INFO toClientNotifyTaskSize = 0

2023-06-01 22:25:09,775 INFO groupCount = 1, subscriberClientCount = 0, subscriberCount = 0

2023-06-01 22:25:19,700 INFO [long-pulling] client count 2

2023-06-01 22:25:19,768 INFO toNotifyTaskSize = 0

2023-06-01 22:25:19,768 INFO toClientNotifyTaskSize = 0

2023-06-01 22:25:19,776 INFO groupCount = 1, subscriberClientCount = 0, subscriberCount = 0

2023-06-01 22:25:29,701 INFO [long-pulling] client count 2

2023-06-01 22:25:29,769 INFO toNotifyTaskSize = 0

2023-06-01 22:25:29,769 INFO toClientNotifyTaskSize = 0

2023-06-01 22:25:29,777 INFO groupCount = 1, subscriberClientCount = 0, subscriberCount = 0

2023-06-01 22:25:39,702 INFO [long-pulling] client count 2

2023-06-01 22:25:39,770 INFO toNotifyTaskSize = 0

2023-06-01 22:25:39,770 INFO toClientNotifyTaskSize = 0

2023-06-01 22:25:39,778 INFO groupCount = 1, subscriberClientCount = 0, subscriberCount = 0

2023-06-01 22:25:49,704 INFO [long-pulling] client count 2

2023-06-01 22:25:49,771 INFO toNotifyTaskSize = 0

2023-06-01 22:25:49,771 INFO toClientNotifyTaskSize = 0

2023-06-01 22:25:49,779 INFO groupCount = 1, subscriberClientCount = 0, subscriberCount = 0

2023-06-01 22:25:59,705 INFO [long-pulling] client count 2

2023-06-01 22:25:59,772 INFO toNotifyTaskSize = 0

2023-06-01 22:25:59,772 INFO toClientNotifyTaskSize = 0

2023-06-01 22:25:59,780 INFO groupCount = 1, subscriberClientCount = 0, subscriberCount = 0

2023-06-01 22:26:09,706 INFO [long-pulling] client count 2

2023-06-01 22:26:09,772 INFO toNotifyTaskSize = 0

2023-06-01 22:26:09,772 INFO toClientNotifyTaskSize = 0

2023-06-01 22:26:09,780 INFO groupCount = 1, subscriberClientCount = 0, subscriberCount = 0

2023-06-01 22:26:19,707 INFO [long-pulling] client count 2

2023-06-01 22:26:19,772 INFO toNotifyTaskSize = 0

2023-06-01 22:26:19,772 INFO toClientNotifyTaskSize = 0

2023-06-01 22:26:19,780 INFO groupCount = 1, subscriberClientCount = 0, subscriberCount = 0

2023-06-01 22:26:29,707 INFO [long-pulling] client count 2

2023-06-01 22:26:29,772 INFO toNotifyTaskSize = 0

2023-06-01 22:26:29,772 INFO toClientNotifyTaskSize = 0

2023-06-01 22:26:29,781 INFO groupCount = 1, subscriberClientCount = 0, subscriberCount = 0

2023-06-01 22:26:39,708 INFO [long-pulling] client count 2

2023-06-01 22:26:39,773 INFO toNotifyTaskSize = 0

2023-06-01 22:26:39,773 INFO toClientNotifyTaskSize = 0

2023-06-01 22:26:39,782 INFO groupCount = 1, subscriberClientCount = 0, subscriberCount = 0

2023-06-01 22:26:49,709 INFO [long-pulling] client count 2

2023-06-01 22:26:49,774 INFO toNotifyTaskSize = 0

2023-06-01 22:26:49,774 INFO toClientNotifyTaskSize = 0

2023-06-01 22:26:49,784 INFO groupCount = 1, subscriberClientCount = 0, subscriberCount = 0

2023-06-01 22:26:59,710 INFO [long-pulling] client count 2

2023-06-01 22:26:59,775 INFO toNotifyTaskSize = 0

2023-06-01 22:26:59,775 INFO toClientNotifyTaskSize = 0

2023-06-01 22:26:59,785 INFO groupCount = 1, subscriberClientCount = 0, subscriberCount = 0

2023-06-01 22:27:09,711 INFO [long-pulling] client count 2

2023-06-01 22:27:09,776 INFO toNotifyTaskSize = 0

2023-06-01 22:27:09,776 INFO toClientNotifyTaskSize = 0

2023-06-01 22:27:09,786 INFO groupCount = 1, subscriberClientCount = 0, subscriberCount = 0

2023-06-01 22:27:19,711 INFO [long-pulling] client count 2

2023-06-01 22:27:19,776 INFO toNotifyTaskSize = 0

2023-06-01 22:27:19,776 INFO toClientNotifyTaskSize = 0

2023-06-01 22:27:19,786 INFO groupCount = 1, subscriberClientCount = 0, subscriberCount = 0

2023-06-01 22:27:29,712 INFO [long-pulling] client count 2

2023-06-01 22:27:29,777 INFO toNotifyTaskSize = 0

2023-06-01 22:27:29,777 INFO toClientNotifyTaskSize = 0

2023-06-01 22:27:29,787 INFO groupCount = 1, subscriberClientCount = 0, subscriberCount = 0

2023-06-01 22:27:39,712 INFO [long-pulling] client count 2

2023-06-01 22:27:39,777 INFO toNotifyTaskSize = 0

2023-06-01 22:27:39,777 INFO toClientNotifyTaskSize = 0

2023-06-01 22:27:39,787 INFO groupCount = 1, subscriberClientCount = 0, subscriberCount = 0

2023-06-01 22:27:49,713 INFO [long-pulling] client count 2

2023-06-01 22:27:49,778 INFO toNotifyTaskSize = 0

2023-06-01 22:27:49,778 INFO toClientNotifyTaskSize = 0

2023-06-01 22:27:49,788 INFO groupCount = 1, subscriberClientCount = 0, subscriberCount = 0

2023-06-01 22:27:59,714 INFO [long-pulling] client count 2

2023-06-01 22:27:59,779 INFO toNotifyTaskSize = 0

2023-06-01 22:27:59,779 INFO toClientNotifyTaskSize = 0

2023-06-01 22:27:59,790 INFO groupCount = 1, subscriberClientCount = 0, subscriberCount = 0

2023-06-01 22:28:09,715 INFO [long-pulling] client count 2

2023-06-01 22:28:09,780 INFO toNotifyTaskSize = 0

2023-06-01 22:28:09,780 INFO toClientNotifyTaskSize = 0

2023-06-01 22:28:09,791 INFO groupCount = 1, subscriberClientCount = 0, subscriberCount = 0

2023-06-01 22:28:19,717 INFO [long-pulling] client count 2

2023-06-01 22:28:19,781 INFO toNotifyTaskSize = 0

2023-06-01 22:28:19,781 INFO toClientNotifyTaskSize = 0

2023-06-01 22:28:19,791 INFO groupCount = 1, subscriberClientCount = 0, subscriberCount = 0

2023-06-01 22:28:29,717 INFO [long-pulling] client count 2

2023-06-01 22:28:29,781 INFO toNotifyTaskSize = 0

2023-06-01 22:28:29,781 INFO toClientNotifyTaskSize = 0

2023-06-01 22:28:29,791 INFO groupCount = 1, subscriberClientCount = 0, subscriberCount = 0

2023-06-01 22:28:39,718 INFO [long-pulling] client count 2

2023-06-01 22:28:39,782 INFO toNotifyTaskSize = 0

2023-06-01 22:28:39,782 INFO toClientNotifyTaskSize = 0

2023-06-01 22:28:39,792 INFO groupCount = 1, subscriberClientCount = 0, subscriberCount = 0

2023-06-01 22:28:49,720 INFO [long-pulling] client count 2

2023-06-01 22:28:49,783 INFO toNotifyTaskSize = 0

2023-06-01 22:28:49,783 INFO toClientNotifyTaskSize = 0

2023-06-01 22:28:49,793 INFO groupCount = 1, subscriberClientCount = 0, subscriberCount = 0

2023-06-01 22:28:59,721 INFO [long-pulling] client count 2

2023-06-01 22:28:59,784 INFO toNotifyTaskSize = 0

2023-06-01 22:28:59,784 INFO toClientNotifyTaskSize = 0

2023-06-01 22:28:59,794 INFO groupCount = 1, subscriberClientCount = 0, subscriberCount = 0

2023-06-01 22:29:09,721 INFO [long-pulling] client count 2

2023-06-01 22:29:09,784 INFO toNotifyTaskSize = 0

2023-06-01 22:29:09,784 INFO toClientNotifyTaskSize = 0

2023-06-01 22:29:09,794 INFO groupCount = 1, subscriberClientCount = 0, subscriberCount = 0

2023-06-01 22:29:19,723 INFO [long-pulling] client count 1

2023-06-01 22:29:19,785 INFO toNotifyTaskSize = 0

2023-06-01 22:29:19,785 INFO toClientNotifyTaskSize = 0

2023-06-01 22:29:19,795 INFO groupCount = 1, subscriberClientCount = 0, subscriberCount = 0

2023-06-01 22:29:29,733 INFO [long-pulling] client count 0

2023-06-01 22:29:29,785 INFO toNotifyTaskSize = 0

2023-06-01 22:29:29,785 INFO toClientNotifyTaskSize = 0

2023-06-01 22:29:29,795 INFO groupCount = 1, subscriberClientCount = 0, subscriberCount = 0

2023-06-01 22:29:39,739 INFO [long-pulling] client count 0

2023-06-01 22:29:39,787 INFO toNotifyTaskSize = 0

2023-06-01 22:29:39,787 INFO toClientNotifyTaskSize = 0

2023-06-01 22:29:39,796 INFO groupCount = 1, subscriberClientCount = 0, subscriberCount = 0

2023-06-01 22:29:49,741 INFO [long-pulling] client count 0

2023-06-01 22:29:49,789 INFO toNotifyTaskSize = 0

2023-06-01 22:29:49,789 INFO toClientNotifyTaskSize = 0

2023-06-01 22:29:49,797 INFO groupCount = 1, subscriberClientCount = 0, subscriberCount = 0

2023-06-01 22:29:59,743 INFO [long-pulling] client count 0

2023-06-01 22:29:59,790 INFO toNotifyTaskSize = 0

2023-06-01 22:29:59,790 INFO toClientNotifyTaskSize = 0

2023-06-01 22:29:59,798 INFO groupCount = 1, subscriberClientCount = 0, subscriberCount = 0

2023-06-01 22:30:09,743 INFO [long-pulling] client count 0

2023-06-01 22:30:09,790 INFO toNotifyTaskSize = 0

2023-06-01 22:30:09,790 INFO toClientNotifyTaskSize = 0

2023-06-01 22:30:09,798 INFO groupCount = 1, subscriberClientCount = 0, subscriberCount = 0

2023-06-01 22:30:19,745 INFO [long-pulling] client count 0

2023-06-01 22:30:19,791 INFO toNotifyTaskSize = 0

2023-06-01 22:30:19,791 INFO toClientNotifyTaskSize = 0

2023-06-01 22:30:19,799 INFO groupCount = 1, subscriberClientCount = 0, subscriberCount = 0

2023-06-01 22:30:29,746 INFO [long-pulling] client count 0

2023-06-01 22:30:29,792 INFO toNotifyTaskSize = 0

2023-06-01 22:30:29,792 INFO toClientNotifyTaskSize = 0

2023-06-01 22:30:29,800 INFO groupCount = 1, subscriberClientCount = 0, subscriberCount = 0

2023-06-01 22:30:39,747 INFO [long-pulling] client count 0

2023-06-01 22:30:39,792 INFO toNotifyTaskSize = 0

2023-06-01 22:30:39,792 INFO toClientNotifyTaskSize = 0

2023-06-01 22:30:39,800 INFO groupCount = 1, subscriberClientCount = 0, subscriberCount = 0

2023-06-01 22:30:49,748 INFO [long-pulling] client count 0

2023-06-01 22:30:49,793 INFO toNotifyTaskSize = 0

2023-06-01 22:30:49,793 INFO toClientNotifyTaskSize = 0

2023-06-01 22:30:49,801 INFO groupCount = 1, subscriberClientCount = 0, subscriberCount = 0

2023-06-01 22:30:59,749 INFO [long-pulling] client count 0

2023-06-01 22:30:59,794 INFO toNotifyTaskSize = 0

2023-06-01 22:30:59,794 INFO toClientNotifyTaskSize = 0

2023-06-01 22:30:59,802 INFO groupCount = 1, subscriberClientCount = 0, subscriberCount = 0

2023-06-01 22:31:09,750 INFO [long-pulling] client count 0

2023-06-01 22:31:09,795 INFO toNotifyTaskSize = 0

2023-06-01 22:31:09,795 INFO toClientNotifyTaskSize = 0

2023-06-01 22:31:09,803 INFO groupCount = 1, subscriberClientCount = 0, subscriberCount = 0

2023-06-01 22:31:19,751 INFO [long-pulling] client count 0

2023-06-01 22:31:19,796 INFO toNotifyTaskSize = 0

2023-06-01 22:31:19,796 INFO toClientNotifyTaskSize = 0

2023-06-01 22:31:19,805 INFO groupCount = 1, subscriberClientCount = 0, subscriberCount = 0

2023-06-01 22:31:29,753 INFO [long-pulling] client count 0

2023-06-01 22:31:29,798 INFO toNotifyTaskSize = 0

2023-06-01 22:31:29,798 INFO toClientNotifyTaskSize = 0

2023-06-01 22:31:29,806 INFO groupCount = 1, subscriberClientCount = 0, subscriberCount = 0

2023-06-01 22:31:39,754 INFO [long-pulling] client count 0

2023-06-01 22:31:39,799 INFO toNotifyTaskSize = 0

2023-06-01 22:31:39,799 INFO toClientNotifyTaskSize = 0

2023-06-01 22:31:39,807 INFO groupCount = 1, subscriberClientCount = 0, subscriberCount = 0

2023-06-01 22:31:49,754 INFO [long-pulling] client count 0

2023-06-01 22:31:49,799 INFO toNotifyTaskSize = 0

2023-06-01 22:31:49,799 INFO toClientNotifyTaskSize = 0

2023-06-01 22:31:49,807 INFO groupCount = 1, subscriberClientCount = 0, subscriberCount = 0

2023-06-01 22:31:59,754 INFO [long-pulling] client count 0

2023-06-01 22:31:59,799 INFO toNotifyTaskSize = 0

2023-06-01 22:31:59,799 INFO toClientNotifyTaskSize = 0

2023-06-01 22:31:59,807 INFO groupCount = 1, subscriberClientCount = 0, subscriberCount = 0

2023-06-01 22:32:09,755 INFO [long-pulling] client count 0

2023-06-01 22:32:09,800 INFO toNotifyTaskSize = 0

2023-06-01 22:32:09,800 INFO toClientNotifyTaskSize = 0

2023-06-01 22:32:09,808 INFO groupCount = 1, subscriberClientCount = 0, subscriberCount = 0

2023-06-01 22:32:19,755 INFO [long-pulling] client count 0

2023-06-01 22:32:19,800 INFO toNotifyTaskSize = 0

2023-06-01 22:32:19,800 INFO toClientNotifyTaskSize = 0

2023-06-01 22:32:19,808 INFO groupCount = 1, subscriberClientCount = 0, subscriberCount = 0

2023-06-01 22:32:29,756 INFO [long-pulling] client count 0

2023-06-01 22:32:29,801 INFO toNotifyTaskSize = 0

2023-06-01 22:32:29,801 INFO toClientNotifyTaskSize = 0

2023-06-01 22:32:29,809 INFO groupCount = 1, subscriberClientCount = 0, subscriberCount = 0

2023-06-01 22:32:39,757 INFO [long-pulling] client count 0

2023-06-01 22:32:39,802 INFO toNotifyTaskSize = 0

2023-06-01 22:32:39,802 INFO toClientNotifyTaskSize = 0

2023-06-01 22:32:39,810 INFO groupCount = 1, subscriberClientCount = 0, subscriberCount = 0

2023-06-01 22:32:49,758 INFO [long-pulling] client count 0

2023-06-01 22:32:49,802 INFO toNotifyTaskSize = 0

2023-06-01 22:32:49,802 INFO toClientNotifyTaskSize = 0

2023-06-01 22:32:49,810 INFO groupCount = 1, subscriberClientCount = 0, subscriberCount = 0

2023-06-01 22:32:59,758 INFO [long-pulling] client count 0

2023-06-01 22:32:59,802 INFO toNotifyTaskSize = 0

2023-06-01 22:32:59,802 INFO toClientNotifyTaskSize = 0

2023-06-01 22:32:59,810 INFO groupCount = 1, subscriberClientCount = 0, subscriberCount = 0

2023-06-01 22:33:09,759 INFO [long-pulling] client count 0

2023-06-01 22:33:09,803 INFO toNotifyTaskSize = 0

2023-06-01 22:33:09,803 INFO toClientNotifyTaskSize = 0

2023-06-01 22:33:09,811 INFO groupCount = 1, subscriberClientCount = 0, subscriberCount = 0

2023-06-01 22:33:19,759 INFO [long-pulling] client count 0

2023-06-01 22:33:19,803 INFO toNotifyTaskSize = 0

2023-06-01 22:33:19,803 INFO toClientNotifyTaskSize = 0

2023-06-01 22:33:19,811 INFO groupCount = 1, subscriberClientCount = 0, subscriberCount = 0

2023-06-01 22:33:29,759 INFO [long-pulling] client count 0

2023-06-01 22:33:29,803 INFO toNotifyTaskSize = 0

2023-06-01 22:33:29,803 INFO toClientNotifyTaskSize = 0

2023-06-01 22:33:29,811 INFO groupCount = 1, subscriberClientCount = 0, subscriberCount = 0

2023-06-01 22:33:39,760 INFO [long-pulling] client count 0

2023-06-01 22:33:39,804 INFO toNotifyTaskSize = 0

2023-06-01 22:33:39,804 INFO toClientNotifyTaskSize = 0

2023-06-01 22:33:39,813 INFO groupCount = 1, subscriberClientCount = 0, subscriberCount = 0

2023-06-01 22:33:49,761 INFO [long-pulling] client count 0

2023-06-01 22:33:49,805 INFO toNotifyTaskSize = 0

2023-06-01 22:33:49,805 INFO toClientNotifyTaskSize = 0

2023-06-01 22:33:49,814 INFO groupCount = 1, subscriberClientCount = 0, subscriberCount = 0

2023-06-01 22:33:59,762 INFO [long-pulling] client count 0

2023-06-01 22:33:59,805 INFO toNotifyTaskSize = 0

2023-06-01 22:33:59,805 INFO toClientNotifyTaskSize = 0

2023-06-01 22:33:59,814 INFO groupCount = 1, subscriberClientCount = 0, subscriberCount = 0

2023-06-01 22:34:09,763 INFO [long-pulling] client count 0

2023-06-01 22:34:09,806 INFO toNotifyTaskSize = 0

2023-06-01 22:34:09,806 INFO toClientNotifyTaskSize = 0

2023-06-01 22:34:09,816 INFO groupCount = 1, subscriberClientCount = 0, subscriberCount = 0

2023-06-01 22:34:19,763 INFO [long-pulling] client count 0

2023-06-01 22:34:19,806 INFO toNotifyTaskSize = 0

2023-06-01 22:34:19,806 INFO toClientNotifyTaskSize = 0

2023-06-01 22:34:19,816 INFO groupCount = 1, subscriberClientCount = 0, subscriberCount = 0

2023-06-01 22:34:29,764 INFO [long-pulling] client count 0

2023-06-01 22:34:29,807 INFO toNotifyTaskSize = 0

2023-06-01 22:34:29,807 INFO toClientNotifyTaskSize = 0

2023-06-01 22:34:29,817 INFO groupCount = 1, subscriberClientCount = 0, subscriberCount = 0

2023-06-01 22:34:39,764 INFO [long-pulling] client count 0

2023-06-01 22:34:39,807 INFO toNotifyTaskSize = 0

2023-06-01 22:34:39,807 INFO toClientNotifyTaskSize = 0

2023-06-01 22:34:39,817 INFO groupCount = 1, subscriberClientCount = 0, subscriberCount = 0

2023-06-01 22:34:49,764 INFO [long-pulling] client count 0

2023-06-01 22:34:49,807 INFO toNotifyTaskSize = 0

2023-06-01 22:34:49,807 INFO toClientNotifyTaskSize = 0

2023-06-01 22:34:49,818 INFO groupCount = 1, subscriberClientCount = 0, subscriberCount = 0

2023-06-01 22:34:59,765 INFO [long-pulling] client count 0

2023-06-01 22:34:59,808 INFO toNotifyTaskSize = 0

2023-06-01 22:34:59,808 INFO toClientNotifyTaskSize = 0

2023-06-01 22:34:59,820 INFO groupCount = 1, subscriberClientCount = 0, subscriberCount = 0

2023-06-01 22:35:09,765 INFO [long-pulling] client count 0

2023-06-01 22:35:09,808 INFO toNotifyTaskSize = 0

2023-06-01 22:35:09,808 INFO toClientNotifyTaskSize = 0

2023-06-01 22:35:09,820 INFO groupCount = 1, subscriberClientCount = 0, subscriberCount = 0

2023-06-01 22:35:19,766 INFO [long-pulling] client count 0

2023-06-01 22:35:19,809 INFO toNotifyTaskSize = 0

2023-06-01 22:35:19,809 INFO toClientNotifyTaskSize = 0

2023-06-01 22:35:19,822 INFO groupCount = 1, subscriberClientCount = 0, subscriberCount = 0

2023-06-01 22:35:29,767 INFO [long-pulling] client count 0

2023-06-01 22:35:29,809 INFO toNotifyTaskSize = 0

2023-06-01 22:35:29,809 INFO toClientNotifyTaskSize = 0

2023-06-01 22:35:29,822 INFO groupCount = 1, subscriberClientCount = 0, subscriberCount = 0

2023-06-01 22:35:39,768 INFO [long-pulling] client count 0

2023-06-01 22:35:39,809 INFO toNotifyTaskSize = 0

2023-06-01 22:35:39,809 INFO toClientNotifyTaskSize = 0

2023-06-01 22:35:39,822 INFO groupCount = 1, subscriberClientCount = 0, subscriberCount = 0

2023-06-01 22:35:49,769 INFO [long-pulling] client count 0

2023-06-01 22:35:49,810 INFO toNotifyTaskSize = 0

2023-06-01 22:35:49,810 INFO toClientNotifyTaskSize = 0

2023-06-01 22:35:49,823 INFO groupCount = 1, subscriberClientCount = 0, subscriberCount = 0

2023-06-01 22:35:59,770 INFO [long-pulling] client count 0

2023-06-01 22:35:59,811 INFO toNotifyTaskSize = 0

2023-06-01 22:35:59,811 INFO toClientNotifyTaskSize = 0

2023-06-01 22:35:59,825 INFO groupCount = 1, subscriberClientCount = 0, subscriberCount = 0

2023-06-01 22:36:09,771 INFO [long-pulling] client count 0

2023-06-01 22:36:09,812 INFO toNotifyTaskSize = 0

2023-06-01 22:36:09,812 INFO toClientNotifyTaskSize = 0

2023-06-01 22:36:09,826 INFO groupCount = 1, subscriberClientCount = 0, subscriberCount = 0

2023-06-01 22:36:19,772 INFO [long-pulling] client count 0

2023-06-01 22:36:19,813 INFO toNotifyTaskSize = 0

2023-06-01 22:36:19,813 INFO toClientNotifyTaskSize = 0

2023-06-01 22:36:19,826 INFO groupCount = 1, subscriberClientCount = 0, subscriberCount = 0

2023-06-01 22:36:29,772 INFO [long-pulling] client count 0

2023-06-01 22:36:29,813 INFO toNotifyTaskSize = 0

2023-06-01 22:36:29,813 INFO toClientNotifyTaskSize = 0

2023-06-01 22:36:29,827 INFO groupCount = 1, subscriberClientCount = 0, subscriberCount = 0

2023-06-01 22:36:39,772 INFO [long-pulling] client count 0

2023-06-01 22:36:39,813 INFO toNotifyTaskSize = 0

2023-06-01 22:36:39,813 INFO toClientNotifyTaskSize = 0

2023-06-01 22:36:39,827 INFO groupCount = 1, subscriberClientCount = 0, subscriberCount = 0

2023-06-01 22:36:49,773 INFO [long-pulling] client count 0

2023-06-01 22:36:49,814 INFO toNotifyTaskSize = 0

2023-06-01 22:36:49,814 INFO toClientNotifyTaskSize = 0

2023-06-01 22:36:49,828 INFO groupCount = 1, subscriberClientCount = 0, subscriberCount = 0

2023-06-01 22:36:59,773 INFO [long-pulling] client count 0

2023-06-01 22:36:59,814 INFO toNotifyTaskSize = 0

2023-06-01 22:36:59,814 INFO toClientNotifyTaskSize = 0

2023-06-01 22:36:59,828 INFO groupCount = 1, subscriberClientCount = 0, subscriberCount = 0

2023-06-01 22:37:09,775 INFO [long-pulling] client count 0

2023-06-01 22:37:09,816 INFO toNotifyTaskSize = 0

2023-06-01 22:37:09,816 INFO toClientNotifyTaskSize = 0

2023-06-01 22:37:09,830 INFO groupCount = 1, subscriberClientCount = 0, subscriberCount = 0

2023-06-01 22:37:19,776 INFO [long-pulling] client count 0

2023-06-01 22:37:19,817 INFO toNotifyTaskSize = 0

2023-06-01 22:37:19,817 INFO toClientNotifyTaskSize = 0

2023-06-01 22:37:19,831 INFO groupCount = 1, subscriberClientCount = 0, subscriberCount = 0

2023-06-01 22:37:29,776 INFO [long-pulling] client count 0

2023-06-01 22:37:29,817 INFO toNotifyTaskSize = 0

2023-06-01 22:37:29,817 INFO toClientNotifyTaskSize = 0

2023-06-01 22:37:29,832 INFO groupCount = 1, subscriberClientCount = 0, subscriberCount = 0

2023-06-01 22:37:39,777 INFO [long-pulling] client count 0

2023-06-01 22:37:39,818 INFO toNotifyTaskSize = 0

2023-06-01 22:37:39,818 INFO toClientNotifyTaskSize = 0

2023-06-01 22:37:39,833 INFO groupCount = 1, subscriberClientCount = 0, subscriberCount = 0

2023-06-01 22:37:49,777 INFO [long-pulling] client count 0

2023-06-01 22:37:49,818 INFO toNotifyTaskSize = 0

2023-06-01 22:37:49,818 INFO toClientNotifyTaskSize = 0

2023-06-01 22:37:49,834 INFO groupCount = 1, subscriberClientCount = 0, subscriberCount = 0

2023-06-01 22:37:59,779 INFO [long-pulling] client count 0

2023-06-01 22:37:59,819 INFO toNotifyTaskSize = 0

2023-06-01 22:37:59,819 INFO toClientNotifyTaskSize = 0

2023-06-01 22:37:59,836 INFO groupCount = 1, subscriberClientCount = 0, subscriberCount = 0

2023-06-01 22:38:09,780 INFO [long-pulling] client count 0

2023-06-01 22:38:09,820 INFO toNotifyTaskSize = 0

2023-06-01 22:38:09,820 INFO toClientNotifyTaskSize = 0

2023-06-01 22:38:09,837 INFO groupCount = 1, subscriberClientCount = 0, subscriberCount = 0

2023-06-01 22:38:19,783 INFO [long-pulling] client count 0

2023-06-01 22:38:19,821 INFO toNotifyTaskSize = 0

2023-06-01 22:38:19,821 INFO toClientNotifyTaskSize = 0

2023-06-01 22:38:19,838 INFO groupCount = 1, subscriberClientCount = 0, subscriberCount = 0

2023-06-01 22:38:29,785 INFO [long-pulling] client count 0

2023-06-01 22:38:29,821 INFO toNotifyTaskSize = 0

2023-06-01 22:38:29,821 INFO toClientNotifyTaskSize = 0

2023-06-01 22:38:29,838 INFO groupCount = 1, subscriberClientCount = 0, subscriberCount = 0

2023-06-01 22:38:39,786 INFO [long-pulling] client count 2

2023-06-01 22:38:39,822 INFO toNotifyTaskSize = 0

2023-06-01 22:38:39,822 INFO toClientNotifyTaskSize = 0

2023-06-01 22:38:39,839 INFO groupCount = 1, subscriberClientCount = 0, subscriberCount = 0

2023-06-01 22:38:49,786 INFO [long-pulling] client count 2

2023-06-01 22:38:49,822 INFO toNotifyTaskSize = 0

2023-06-01 22:38:49,822 INFO toClientNotifyTaskSize = 0

2023-06-01 22:38:49,839 INFO groupCount = 1, subscriberClientCount = 0, subscriberCount = 0

2023-06-01 22:38:59,787 INFO [long-pulling] client count 2

2023-06-01 22:38:59,823 INFO toNotifyTaskSize = 0

2023-06-01 22:38:59,823 INFO toClientNotifyTaskSize = 0

2023-06-01 22:38:59,840 INFO groupCount = 1, subscriberClientCount = 0, subscriberCount = 0

2023-06-01 22:39:09,787 INFO [long-pulling] client count 2

2023-06-01 22:39:09,823 INFO toNotifyTaskSize = 0

2023-06-01 22:39:09,823 INFO toClientNotifyTaskSize = 0

2023-06-01 22:39:09,841 INFO groupCount = 1, subscriberClientCount = 0, subscriberCount = 0

2023-06-01 22:39:19,788 INFO [long-pulling] client count 2

2023-06-01 22:39:19,824 INFO toNotifyTaskSize = 0

2023-06-01 22:39:19,824 INFO toClientNotifyTaskSize = 0

2023-06-01 22:39:19,842 INFO groupCount = 1, subscriberClientCount = 0, subscriberCount = 0

2023-06-01 22:39:29,788 INFO [long-pulling] client count 2

2023-06-01 22:39:29,825 INFO toNotifyTaskSize = 0

2023-06-01 22:39:29,825 INFO toClientNotifyTaskSize = 0

2023-06-01 22:39:29,843 INFO groupCount = 1, subscriberClientCount = 0, subscriberCount = 0

2023-06-01 22:39:39,789 INFO [long-pulling] client count 2

2023-06-01 22:39:39,826 INFO toNotifyTaskSize = 0

2023-06-01 22:39:39,826 INFO toClientNotifyTaskSize = 0

2023-06-01 22:39:39,844 INFO groupCount = 1, subscriberClientCount = 0, subscriberCount = 0

2023-06-01 22:39:49,790 INFO [long-pulling] client count 2

2023-06-01 22:39:49,827 INFO toNotifyTaskSize = 0

2023-06-01 22:39:49,827 INFO toClientNotifyTaskSize = 0

2023-06-01 22:39:49,844 INFO groupCount = 1, subscriberClientCount = 0, subscriberCount = 0

2023-06-01 22:39:59,791 INFO [long-pulling] client count 2

2023-06-01 22:39:59,827 INFO toNotifyTaskSize = 0

2023-06-01 22:39:59,827 INFO toClientNotifyTaskSize = 0

2023-06-01 22:39:59,844 INFO groupCount = 1, subscriberClientCount = 0, subscriberCount = 0

2023-06-01 22:40:09,791 INFO [long-pulling] client count 2

2023-06-01 22:40:09,827 INFO toNotifyTaskSize = 0

2023-06-01 22:40:09,827 INFO toClientNotifyTaskSize = 0

2023-06-01 22:40:09,844 INFO groupCount = 1, subscriberClientCount = 0, subscriberCount = 0

2023-06-01 22:40:19,792 INFO [long-pulling] client count 2

2023-06-01 22:40:19,828 INFO toNotifyTaskSize = 0

2023-06-01 22:40:19,828 INFO toClientNotifyTaskSize = 0

2023-06-01 22:40:19,845 INFO groupCount = 1, subscriberClientCount = 0, subscriberCount = 0

2023-06-01 22:40:29,792 INFO [long-pulling] client count 2

2023-06-01 22:40:29,828 INFO toNotifyTaskSize = 0

2023-06-01 22:40:29,828 INFO toClientNotifyTaskSize = 0

2023-06-01 22:40:29,845 INFO groupCount = 1, subscriberClientCount = 0, subscriberCount = 0

2023-06-01 22:40:39,793 INFO [long-pulling] client count 2

2023-06-01 22:40:39,829 INFO toNotifyTaskSize = 0

2023-06-01 22:40:39,829 INFO toClientNotifyTaskSize = 0

2023-06-01 22:40:39,846 INFO groupCount = 1, subscriberClientCount = 0, subscriberCount = 0

2023-06-01 22:40:49,794 INFO [long-pulling] client count 2

2023-06-01 22:40:49,830 INFO toNotifyTaskSize = 0

2023-06-01 22:40:49,830 INFO toClientNotifyTaskSize = 0

2023-06-01 22:40:49,847 INFO groupCount = 1, subscriberClientCount = 0, subscriberCount = 0

2023-06-01 22:40:59,794 INFO [long-pulling] client count 2

2023-06-01 22:40:59,830 INFO toNotifyTaskSize = 0

2023-06-01 22:40:59,830 INFO toClientNotifyTaskSize = 0

2023-06-01 22:40:59,847 INFO groupCount = 1, subscriberClientCount = 0, subscriberCount = 0

2023-06-01 22:41:09,794 INFO [long-pulling] client count 2

2023-06-01 22:41:09,830 INFO toNotifyTaskSize = 0

2023-06-01 22:41:09,830 INFO toClientNotifyTaskSize = 0

2023-06-01 22:41:09,847 INFO groupCount = 1, subscriberClientCount = 0, subscriberCount = 0

2023-06-01 22:41:19,795 INFO [long-pulling] client count 2

2023-06-01 22:41:19,831 INFO toNotifyTaskSize = 0

2023-06-01 22:41:19,831 INFO toClientNotifyTaskSize = 0

2023-06-01 22:41:19,848 INFO groupCount = 1, subscriberClientCount = 0, subscriberCount = 0

2023-06-01 22:41:29,795 INFO [long-pulling] client count 2

2023-06-01 22:41:29,831 INFO toNotifyTaskSize = 0

2023-06-01 22:41:29,831 INFO toClientNotifyTaskSize = 0

2023-06-01 22:41:29,848 INFO groupCount = 1, subscriberClientCount = 0, subscriberCount = 0

2023-06-01 22:41:39,795 INFO [long-pulling] client count 2

2023-06-01 22:41:39,831 INFO toNotifyTaskSize = 0

2023-06-01 22:41:39,831 INFO toClientNotifyTaskSize = 0

2023-06-01 22:41:39,848 INFO groupCount = 1, subscriberClientCount = 0, subscriberCount = 0

2023-06-01 22:41:49,796 INFO [long-pulling] client count 2

2023-06-01 22:41:49,832 INFO toNotifyTaskSize = 0

2023-06-01 22:41:49,832 INFO toClientNotifyTaskSize = 0

2023-06-01 22:41:49,849 INFO groupCount = 1, subscriberClientCount = 0, subscriberCount = 0

2023-06-01 22:41:59,798 INFO [long-pulling] client count 2

2023-06-01 22:41:59,833 INFO toNotifyTaskSize = 0

2023-06-01 22:41:59,833 INFO toClientNotifyTaskSize = 0

2023-06-01 22:41:59,850 INFO groupCount = 1, subscriberClientCount = 0, subscriberCount = 0

2023-06-01 22:42:09,798 INFO [long-pulling] client count 2

2023-06-01 22:42:09,833 INFO toNotifyTaskSize = 0

2023-06-01 22:42:09,833 INFO toClientNotifyTaskSize = 0

2023-06-01 22:42:09,850 INFO groupCount = 1, subscriberClientCount = 0, subscriberCount = 0

2023-06-01 22:42:19,799 INFO [long-pulling] client count 2

2023-06-01 22:42:19,834 INFO toNotifyTaskSize = 0

2023-06-01 22:42:19,834 INFO toClientNotifyTaskSize = 0

2023-06-01 22:42:19,851 INFO groupCount = 1, subscriberClientCount = 0, subscriberCount = 0

2023-06-01 22:42:29,800 INFO [long-pulling] client count 2

2023-06-01 22:42:29,835 INFO toNotifyTaskSize = 0

2023-06-01 22:42:29,835 INFO toClientNotifyTaskSize = 0

2023-06-01 22:42:29,852 INFO groupCount = 1, subscriberClientCount = 0, subscriberCount = 0

2023-06-01 22:42:39,800 INFO [long-pulling] client count 2

2023-06-01 22:42:39,836 INFO toNotifyTaskSize = 0

2023-06-01 22:42:39,836 INFO toClientNotifyTaskSize = 0

2023-06-01 22:42:39,852 INFO groupCount = 1, subscriberClientCount = 0, subscriberCount = 0

2023-06-01 22:42:49,801 INFO [long-pulling] client count 2

2023-06-01 22:42:49,838 INFO toNotifyTaskSize = 0

2023-06-01 22:42:49,838 INFO toClientNotifyTaskSize = 0

2023-06-01 22:42:49,853 INFO groupCount = 1, subscriberClientCount = 0, subscriberCount = 0

2023-06-01 22:42:59,801 INFO [long-pulling] client count 2

2023-06-01 22:42:59,838 INFO toNotifyTaskSize = 0

2023-06-01 22:42:59,838 INFO toClientNotifyTaskSize = 0

2023-06-01 22:42:59,853 INFO groupCount = 1, subscriberClientCount = 0, subscriberCount = 0

2023-06-01 22:43:09,802 INFO [long-pulling] client count 2

2023-06-01 22:43:09,839 INFO toNotifyTaskSize = 0

2023-06-01 22:43:09,839 INFO toClientNotifyTaskSize = 0

2023-06-01 22:43:09,854 INFO groupCount = 1, subscriberClientCount = 0, subscriberCount = 0

2023-06-01 22:43:19,802 INFO [long-pulling] client count 2

2023-06-01 22:43:19,839 INFO toNotifyTaskSize = 0

2023-06-01 22:43:19,839 INFO toClientNotifyTaskSize = 0

2023-06-01 22:43:19,855 INFO groupCount = 1, subscriberClientCount = 0, subscriberCount = 0

2023-06-01 22:43:29,804 INFO [long-pulling] client count 1

2023-06-01 22:43:29,840 INFO toNotifyTaskSize = 0

2023-06-01 22:43:29,840 INFO toClientNotifyTaskSize = 0

2023-06-01 22:43:29,858 INFO groupCount = 1, subscriberClientCount = 0, subscriberCount = 0

2023-06-01 22:43:39,804 INFO [long-pulling] client count 0

2023-06-01 22:43:39,840 INFO toNotifyTaskSize = 0

2023-06-01 22:43:39,840 INFO toClientNotifyTaskSize = 0

2023-06-01 22:43:39,858 INFO groupCount = 1, subscriberClientCount = 0, subscriberCount = 0

2023-06-01 22:43:49,805 INFO [long-pulling] client count 0

2023-06-01 22:43:49,841 INFO toNotifyTaskSize = 0

2023-06-01 22:43:49,841 INFO toClientNotifyTaskSize = 0

2023-06-01 22:43:49,859 INFO groupCount = 1, subscriberClientCount = 0, subscriberCount = 0

2023-06-01 22:43:59,805 INFO [long-pulling] client count 0

2023-06-01 22:43:59,841 INFO toNotifyTaskSize = 0

2023-06-01 22:43:59,841 INFO toClientNotifyTaskSize = 0

2023-06-01 22:43:59,859 INFO groupCount = 1, subscriberClientCount = 0, subscriberCount = 0

2023-06-01 22:44:09,806 INFO [long-pulling] client count 0

2023-06-01 22:44:09,842 INFO toNotifyTaskSize = 0

2023-06-01 22:44:09,842 INFO toClientNotifyTaskSize = 0

2023-06-01 22:44:09,860 INFO groupCount = 1, subscriberClientCount = 0, subscriberCount = 0

2023-06-01 22:44:19,806 INFO [long-pulling] client count 0

2023-06-01 22:44:19,842 INFO toNotifyTaskSize = 0

2023-06-01 22:44:19,842 INFO toClientNotifyTaskSize = 0

2023-06-01 22:44:19,860 INFO groupCount = 1, subscriberClientCount = 0, subscriberCount = 0

2023-06-01 22:44:29,807 INFO [long-pulling] client count 0

2023-06-01 22:44:29,853 INFO toNotifyTaskSize = 0

2023-06-01 22:44:29,853 INFO toClientNotifyTaskSize = 0

2023-06-01 22:44:29,861 INFO groupCount = 1, subscriberClientCount = 0, subscriberCount = 0

2023-06-01 22:44:39,809 INFO [long-pulling] client count 0

2023-06-01 22:44:39,854 INFO toNotifyTaskSize = 0

2023-06-01 22:44:39,854 INFO toClientNotifyTaskSize = 0

2023-06-01 22:44:39,862 INFO groupCount = 1, subscriberClientCount = 0, subscriberCount = 0

2023-06-01 22:44:49,810 INFO [long-pulling] client count 0

2023-06-01 22:44:49,856 INFO toNotifyTaskSize = 0

2023-06-01 22:44:49,856 INFO toClientNotifyTaskSize = 0

2023-06-01 22:44:49,864 INFO groupCount = 1, subscriberClientCount = 0, subscriberCount = 0

